number,value,datetime_start,datetime_complete,duration,params_batch_size,params_dropout_rate,params_feed_forward_size,params_hidden_size,params_lr,params_num_blocks,params_num_heads,state
0,-1.235591316797647,2024-05-10 01:12:48.832091,2024-05-10 01:14:44.605045,0 days 00:01:55.772954,128,0.4,128,24,1.7525865444286703e-05,3,2,COMPLETE
1,-1.237722669948231,2024-05-10 01:14:44.606167,2024-05-10 01:15:54.629258,0 days 00:01:10.023091,64,0.2,512,64,3.7831071796417957e-05,2,4,COMPLETE
2,-1.2555775500479198,2024-05-10 01:15:54.630160,2024-05-10 01:18:27.164811,0 days 00:02:32.534651,256,0.30000000000000004,512,32,0.004282215419842931,2,8,COMPLETE
3,-1.2054952679258404,2024-05-10 01:18:27.165531,2024-05-10 01:19:36.504975,0 days 00:01:09.339444,64,0.30000000000000004,512,32,9.968458077875128e-05,2,4,COMPLETE
4,-1.2458320267229195,2024-05-10 01:19:36.505819,2024-05-10 01:20:51.546330,0 days 00:01:15.040511,128,0.2,512,256,0.000294972597491679,1,2,COMPLETE
5,-1.2327516694924028,2024-05-10 01:20:51.547009,2024-05-10 01:21:57.089904,0 days 00:01:05.542895,32,0.2,256,64,0.00015180532647248026,1,4,COMPLETE
6,-1.2204226056734722,2024-05-10 01:21:57.090896,2024-05-10 01:23:41.148415,0 days 00:01:44.057519,256,0.30000000000000004,64,24,8.70565125712531e-05,2,8,COMPLETE
7,-1.2301980950615623,2024-05-10 01:23:41.149134,2024-05-10 01:25:18.232193,0 days 00:01:37.083059,64,0.4,128,32,0.003232717886697747,3,1,COMPLETE
8,-1.2564685933495727,2024-05-10 01:25:18.233261,2024-05-10 01:28:25.839675,0 days 00:03:07.606414,32,0.30000000000000004,128,128,9.284363119509908e-05,2,8,COMPLETE
9,-1.2463864709391739,2024-05-10 01:28:25.840622,2024-05-10 01:34:04.787148,0 days 00:05:38.946526,64,0.4,256,32,0.0021377660699790605,4,2,COMPLETE
10,-1.2416584306937222,2024-05-10 01:34:04.788006,2024-05-10 01:40:24.696422,0 days 00:06:19.908416,32,0.1,128,128,0.0007909117722998409,4,8,COMPLETE
11,-1.1165815009957267,2024-05-10 01:40:24.697297,2024-05-10 01:41:38.658665,0 days 00:01:13.961368,256,0.30000000000000004,64,128,0.006933869160037608,2,8,COMPLETE
12,-1.1559045882452101,2024-05-10 01:41:38.659320,2024-05-10 01:42:08.383503,0 days 00:00:29.724183,256,0.30000000000000004,512,128,0.000686973472516307,1,8,COMPLETE
13,-1.2429508568668075,2024-05-10 01:42:08.384101,2024-05-10 01:48:12.962083,0 days 00:06:04.577982,32,0.1,128,256,0.0007954403366027873,3,8,COMPLETE
14,-1.2345616420110066,2024-05-10 01:48:12.963162,2024-05-10 01:49:49.843768,0 days 00:01:36.880606,256,0.30000000000000004,512,128,1.2895128540950205e-05,2,1,COMPLETE
15,-1.2458498050376636,2024-05-10 01:49:49.844439,2024-05-10 01:52:06.491386,0 days 00:02:16.646947,32,0.2,128,32,0.0066201932428170745,3,8,COMPLETE
16,-1.1010432349331112,2024-05-10 01:52:06.492286,2024-05-10 01:54:39.798774,0 days 00:02:33.306488,32,0.4,256,128,4.866092626418159e-05,1,8,COMPLETE
17,-1.2504259120850336,2024-05-10 01:54:39.799673,2024-05-10 01:56:20.251309,0 days 00:01:40.451636,256,0.30000000000000004,64,32,0.00031776454265904606,2,8,COMPLETE
18,-1.2424195530902908,2024-05-10 01:56:20.251990,2024-05-10 01:57:11.266644,0 days 00:00:51.014654,128,0.2,512,24,0.002024642006532557,3,1,COMPLETE
19,-1.2074728506676695,2024-05-10 01:57:11.267282,2024-05-10 01:58:18.309934,0 days 00:01:07.042652,32,0.4,128,64,0.00029544630162443115,1,8,COMPLETE
20,-1.2361339273906888,2024-05-10 01:58:18.310836,2024-05-10 02:02:19.497682,0 days 00:04:01.186846,256,0.30000000000000004,512,256,3.281517956542113e-05,2,8,COMPLETE
21,-1.2378965020179749,2024-05-10 02:02:19.498374,2024-05-10 02:03:19.010679,0 days 00:00:59.512305,256,0.30000000000000004,64,32,0.0004390307587549419,2,8,COMPLETE
22,-1.2412271272568476,2024-05-10 02:03:19.011313,2024-05-10 02:04:58.226589,0 days 00:01:39.215276,256,0.30000000000000004,64,32,0.00017506134056551905,2,8,COMPLETE
23,-1.2498694573129927,2024-05-10 02:04:58.227325,2024-05-10 02:06:02.398414,0 days 00:01:04.171089,256,0.30000000000000004,64,32,7.128570338898698e-05,2,8,COMPLETE
24,-1.256927484557742,2024-05-10 02:06:02.399054,2024-05-10 02:07:25.628142,0 days 00:01:23.229088,256,0.2,64,32,0.0014059893206820105,3,8,COMPLETE
25,-1.2551131078175135,2024-05-10 02:07:25.628775,2024-05-10 02:09:42.006495,0 days 00:02:16.377720,256,0.1,64,128,0.004046337055787434,4,8,COMPLETE
26,-1.2434227169465875,2024-05-10 02:09:42.007200,2024-05-10 02:13:58.871540,0 days 00:04:16.864340,32,0.2,128,32,0.0014511112651563293,3,2,COMPLETE
27,-1.243439733263958,2024-05-10 02:13:58.872556,2024-05-10 02:15:21.251149,0 days 00:01:22.378593,128,0.2,256,32,0.0013401878352137624,3,1,COMPLETE
28,-1.1628906414622353,2024-05-10 02:15:21.252535,2024-05-10 02:17:23.271226,0 days 00:02:02.018691,256,0.2,512,128,0.004417303147463993,3,4,COMPLETE
29,-1.2417427516845336,2024-05-10 02:17:23.271921,2024-05-10 02:18:50.991597,0 days 00:01:27.719676,128,0.4,128,24,0.00935795791153835,3,2,COMPLETE
30,-1.2412163310862603,2024-05-10 02:18:50.992515,2024-05-10 02:35:12.964723,0 days 00:16:21.972208,32,0.1,64,256,0.002304964676672385,4,8,COMPLETE
31,-1.247211476167043,2024-05-10 02:35:12.966165,2024-05-10 02:38:51.660817,0 days 00:03:38.694652,256,0.1,64,128,0.004260941510850053,4,8,COMPLETE
32,-1.2547827448163713,2024-05-10 02:38:51.661476,2024-05-10 02:42:21.786480,0 days 00:03:30.125004,256,0.1,64,128,0.0035384671177555887,4,8,COMPLETE
33,-1.248254651115054,2024-05-10 02:42:21.787365,2024-05-10 02:44:54.533930,0 days 00:02:32.746565,256,0.1,64,128,0.0012452662868663175,4,8,COMPLETE
34,-1.2126387386611013,2024-05-10 02:44:54.534585,2024-05-10 02:46:21.300879,0 days 00:01:26.766294,64,0.2,512,64,0.005510457857657906,2,4,COMPLETE
35,-1.1972414482207525,2024-05-10 02:46:21.301593,2024-05-10 02:48:12.928089,0 days 00:01:51.626496,256,0.30000000000000004,64,128,2.5425220240962198e-05,3,8,COMPLETE
36,-1.2493726866585868,2024-05-10 02:48:12.928794,2024-05-10 02:48:33.760484,0 days 00:00:20.831690,256,0.2,128,32,0.009788537651668318,1,4,COMPLETE
37,-1.2503444758328524,2024-05-10 02:48:33.761119,2024-05-10 02:54:17.273366,0 days 00:05:43.512247,64,0.1,512,64,0.00016521222292065167,4,8,COMPLETE
38,-1.2413626650729812,2024-05-10 02:54:17.274281,2024-05-10 02:55:57.467702,0 days 00:01:40.193421,128,0.30000000000000004,256,24,0.003075280313922923,2,2,COMPLETE
39,-1.2442140891438438,2024-05-10 02:55:57.468568,2024-05-10 02:57:00.132821,0 days 00:01:02.664253,256,0.2,64,32,0.00011451548101886169,4,8,COMPLETE
40,-1.2465142524351103,2024-05-10 02:57:00.133737,2024-05-10 03:02:01.791928,0 days 00:05:01.658191,32,0.4,128,128,0.0006063009101815187,2,1,COMPLETE
41,-1.2523676667894637,2024-05-10 03:02:01.792980,2024-05-10 03:03:52.563409,0 days 00:01:50.770429,256,0.1,64,128,0.0031238501080710994,4,8,COMPLETE
42,-1.232046467917306,2024-05-10 03:03:52.564137,2024-05-10 03:05:18.077447,0 days 00:01:25.513310,256,0.1,64,128,0.004589366379963926,4,8,COMPLETE
43,-1.2462905872435797,2024-05-10 03:05:18.078199,2024-05-10 03:08:30.429527,0 days 00:03:12.351328,256,0.1,64,128,0.0018431916871911294,4,8,COMPLETE
44,-1.2391663647833324,2024-05-10 03:08:30.430269,2024-05-10 03:10:34.423329,0 days 00:02:03.993060,256,0.1,64,128,0.0009938375368119074,4,8,COMPLETE
45,-1.2446380311792546,2024-05-10 03:10:34.424006,2024-05-10 03:13:39.666522,0 days 00:03:05.242516,64,0.1,64,128,0.0024980197364873487,3,8,COMPLETE
46,-1.2151047927992684,2024-05-10 03:13:39.667398,2024-05-10 03:15:07.346130,0 days 00:01:27.678732,256,0.2,512,256,0.0035846112699102735,2,8,COMPLETE
47,-1.2425109666169234,2024-05-10 03:15:07.346850,2024-05-10 03:19:49.110446,0 days 00:04:41.763596,32,0.30000000000000004,256,32,0.007376183590656309,3,4,COMPLETE
48,-1.1672361975624448,2024-05-10 03:19:49.111489,2024-05-10 03:22:39.485349,0 days 00:02:50.373860,256,0.30000000000000004,128,128,0.005894305947725442,4,8,COMPLETE
49,-1.2333128736132668,2024-05-10 03:22:39.486325,2024-05-10 03:22:52.470151,0 days 00:00:12.983826,256,0.2,64,24,0.00046562050992239026,1,2,COMPLETE
50,-1.2451699457632373,2024-05-10 03:22:52.470770,2024-05-10 03:28:26.898548,0 days 00:05:34.427778,32,0.1,512,64,0.0017465469722391202,3,8,COMPLETE
51,-1.247060701960609,2024-05-10 03:28:26.899538,2024-05-10 03:31:10.056182,0 days 00:02:43.156644,256,0.1,64,128,0.00297672530429782,4,8,COMPLETE
52,-1.2434944056329273,2024-05-10 03:31:10.056833,2024-05-10 03:35:02.233140,0 days 00:03:52.176307,256,0.1,64,128,0.0032675456937050124,4,8,COMPLETE
53,-1.2511901231039138,2024-05-10 03:35:02.233829,2024-05-10 03:37:58.857123,0 days 00:02:56.623294,256,0.1,64,128,0.002521608827210641,4,8,COMPLETE
54,-1.242639320237296,2024-05-10 03:37:58.858076,2024-05-10 03:39:46.774269,0 days 00:01:47.916193,256,0.1,64,128,0.004839749291783941,4,8,COMPLETE
55,-1.2623564090047563,2024-05-10 03:39:46.775206,2024-05-10 03:41:24.215585,0 days 00:01:37.440379,256,0.30000000000000004,64,32,0.007363440836098896,2,8,COMPLETE
56,-1.253915982586997,2024-05-10 03:41:24.216462,2024-05-10 03:42:27.051386,0 days 00:01:02.834924,256,0.30000000000000004,128,32,0.007437817659606307,2,1,COMPLETE
57,-1.2272760373173337,2024-05-10 03:42:27.052051,2024-05-10 03:43:17.064400,0 days 00:00:50.012349,64,0.30000000000000004,64,32,0.00020165679593432014,2,8,COMPLETE
58,-1.2432059365582753,2024-05-10 03:43:17.065316,2024-05-10 03:46:07.352536,0 days 00:02:50.287220,128,0.30000000000000004,512,32,0.00860848392923027,2,8,COMPLETE
59,-1.2189347615357953,2024-05-10 03:46:07.353418,2024-05-10 03:49:59.176620,0 days 00:03:51.823202,32,0.30000000000000004,256,32,7.292818496365411e-05,2,8,COMPLETE
60,-1.2442076206207275,2024-05-10 03:49:59.177555,2024-05-10 03:51:31.658951,0 days 00:01:32.481396,256,0.4,64,32,0.003997035956400694,1,8,COMPLETE
61,-1.2364279173669361,2024-05-10 03:51:31.659640,2024-05-10 03:52:01.298661,0 days 00:00:29.639021,256,0.30000000000000004,128,32,0.007043244463877846,2,1,COMPLETE
62,-1.2551976215271723,2024-05-10 03:52:01.299312,2024-05-10 03:53:07.200240,0 days 00:01:05.900928,256,0.30000000000000004,128,32,0.0055380993956443796,2,1,COMPLETE
63,-1.2452115302994138,2024-05-10 03:53:07.200933,2024-05-10 03:53:30.278278,0 days 00:00:23.077345,256,0.30000000000000004,128,32,0.0056762191689801005,2,1,COMPLETE
64,-1.2156808291162764,2024-05-10 03:53:30.278908,2024-05-10 03:53:49.957807,0 days 00:00:19.678899,256,0.30000000000000004,128,32,0.005234750985928596,2,1,COMPLETE
65,-1.1478031618254525,2024-05-10 03:53:49.958431,2024-05-10 03:55:13.179785,0 days 00:01:23.221354,256,0.30000000000000004,128,256,4.2353231391142655e-05,2,1,COMPLETE
66,-1.2443140234266008,2024-05-10 03:55:13.180461,2024-05-10 03:55:42.183182,0 days 00:00:29.002721,256,0.30000000000000004,128,32,0.00024212143253831786,3,2,COMPLETE
67,-1.2430217338550418,2024-05-10 03:55:42.183835,2024-05-10 03:57:25.192705,0 days 00:01:43.008870,32,0.2,512,32,1.8628420190735632e-05,2,4,COMPLETE
68,-1.254415872551146,2024-05-10 03:57:25.193622,2024-05-10 03:58:31.387287,0 days 00:01:06.193665,256,0.30000000000000004,64,32,0.0015975950152946582,2,8,COMPLETE
69,-1.2382489643901227,2024-05-10 03:58:31.387985,2024-05-10 03:59:40.269810,0 days 00:01:08.881825,128,0.30000000000000004,64,24,0.001081979134311316,1,1,COMPLETE
70,-1.2255289355913799,2024-05-10 03:59:40.270716,2024-05-10 04:00:21.627992,0 days 00:00:41.357276,256,0.4,128,64,0.0037170894144976842,2,8,COMPLETE
71,-1.2405753277596974,2024-05-10 04:00:21.628633,2024-05-10 04:01:09.650950,0 days 00:00:48.022317,256,0.30000000000000004,64,32,0.0014357396938466675,2,8,COMPLETE
72,-1.2504706212452479,2024-05-10 04:01:09.651639,2024-05-10 04:01:47.355033,0 days 00:00:37.703394,256,0.30000000000000004,64,32,0.0021323665229696816,2,8,COMPLETE
73,-1.2396369917052132,2024-05-10 04:01:47.355673,2024-05-10 04:02:36.249344,0 days 00:00:48.893671,256,0.30000000000000004,64,32,0.0016757171329540806,2,8,COMPLETE
74,-1.2326559168951852,2024-05-10 04:02:36.250033,2024-05-10 04:03:41.524928,0 days 00:01:05.274895,256,0.30000000000000004,64,32,0.000876681320544327,2,8,COMPLETE
75,-1.2439335130509876,2024-05-10 04:03:41.525832,2024-05-10 04:04:46.690791,0 days 00:01:05.164959,256,0.2,64,32,0.00836754176463819,2,8,COMPLETE
76,-1.2486855476460559,2024-05-10 04:04:46.691432,2024-05-10 04:07:53.768908,0 days 00:03:07.077476,32,0.30000000000000004,512,32,0.0025634333280819864,2,8,COMPLETE
77,-1.2220111507357974,2024-05-10 04:07:53.769947,2024-05-10 04:16:38.855681,0 days 00:08:45.085734,64,0.30000000000000004,64,256,0.00011169718140115343,3,8,COMPLETE
78,-1.1136121976943243,2024-05-10 04:16:38.856646,2024-05-10 04:17:32.936563,0 days 00:00:54.079917,256,0.2,256,128,0.004467442770894042,2,8,COMPLETE
79,-1.2400697753542946,2024-05-10 04:17:32.937277,2024-05-10 04:18:05.583935,0 days 00:00:32.646658,256,0.30000000000000004,64,32,0.006618391942177576,2,4,COMPLETE
80,-1.2469106628781272,2024-05-10 04:18:05.584824,2024-05-10 04:19:00.451270,0 days 00:00:54.866446,256,0.30000000000000004,128,128,0.0005771242836507979,3,2,COMPLETE
81,-1.230224160921006,2024-05-10 04:19:00.451960,2024-05-10 04:19:33.778465,0 days 00:00:33.326505,256,0.30000000000000004,128,32,0.00987797119846585,2,1,COMPLETE
82,-1.2452349265416462,2024-05-10 04:19:33.779140,2024-05-10 04:20:14.100726,0 days 00:00:40.321586,256,0.30000000000000004,128,32,0.006267644621809309,2,1,COMPLETE
83,-1.2553461165655226,2024-05-10 04:20:14.101388,2024-05-10 04:21:47.483211,0 days 00:01:33.381823,256,0.30000000000000004,128,32,0.007650052696170327,2,1,COMPLETE
84,-1.2500150061789013,2024-05-10 04:21:47.484016,2024-05-10 04:22:14.198392,0 days 00:00:26.714376,256,0.30000000000000004,128,32,0.005121298265673913,2,1,COMPLETE
85,-1.2423080489749,2024-05-10 04:22:14.198992,2024-05-10 04:23:44.864471,0 days 00:01:30.665479,256,0.4,128,32,0.0027776177090684906,2,1,COMPLETE
86,-1.2226646676614292,2024-05-10 04:23:44.865134,2024-05-10 04:27:23.448666,0 days 00:03:38.583532,32,0.30000000000000004,512,128,1.000609017660923e-05,2,8,COMPLETE
87,-1.2486231156757899,2024-05-10 04:27:23.449561,2024-05-10 04:28:01.338988,0 days 00:00:37.889427,256,0.30000000000000004,64,24,0.003353887500077008,2,8,COMPLETE
88,-1.2097171516303558,2024-05-10 04:28:01.339633,2024-05-10 04:28:51.241922,0 days 00:00:49.902289,128,0.2,64,64,0.008060437898317358,2,1,COMPLETE
89,-1.226351105031513,2024-05-10 04:28:51.242820,2024-05-10 04:29:28.521377,0 days 00:00:37.278557,256,0.30000000000000004,128,128,0.00034550996159494823,1,8,COMPLETE
90,-1.248885256903512,2024-05-10 04:29:28.522059,2024-05-10 04:31:22.621092,0 days 00:01:54.099033,256,0.30000000000000004,64,32,0.004111897704901237,4,8,COMPLETE
91,-1.2479680208932786,2024-05-10 04:31:22.621827,2024-05-10 04:31:52.838767,0 days 00:00:30.216940,256,0.30000000000000004,128,32,0.007449416544863404,2,1,COMPLETE
92,-1.2493920439765567,2024-05-10 04:31:52.839411,2024-05-10 04:32:40.301752,0 days 00:00:47.462341,256,0.30000000000000004,128,32,0.005932255394475495,2,1,COMPLETE
93,-1.24191890727906,2024-05-10 04:32:40.302456,2024-05-10 04:33:19.220434,0 days 00:00:38.917978,256,0.30000000000000004,128,32,0.004874954400871692,2,1,COMPLETE
94,-1.2521754446483793,2024-05-10 04:33:19.221050,2024-05-10 04:33:46.327140,0 days 00:00:27.106090,256,0.30000000000000004,128,32,0.0068286663747065095,2,1,COMPLETE
95,-1.2505981604258218,2024-05-10 04:33:46.327769,2024-05-10 04:34:57.820076,0 days 00:01:11.492307,64,0.30000000000000004,128,32,0.003762847750980443,2,1,COMPLETE
96,-1.2315284751710438,2024-05-10 04:34:57.820898,2024-05-10 04:37:20.010831,0 days 00:02:22.189933,256,0.1,512,128,0.009396566773488586,2,8,COMPLETE
97,-1.2534625209573553,2024-05-10 04:37:20.011557,2024-05-10 04:40:02.310848,0 days 00:02:42.299291,32,0.30000000000000004,256,32,0.002124549771748728,3,8,COMPLETE
98,-1.250204412710099,2024-05-10 04:40:02.311733,2024-05-10 04:43:27.576376,0 days 00:03:25.264643,256,0.1,64,256,0.005584968232682214,4,1,COMPLETE
99,-1.2517675984473455,2024-05-10 04:43:27.577092,2024-05-10 04:44:03.703836,0 days 00:00:36.126744,256,0.30000000000000004,128,32,5.2836048973408194e-05,2,2,COMPLETE
