number,value,datetime_start,datetime_complete,duration,params_batch_size,params_d_hid,params_d_model,params_dropout,params_ff_size,params_lr,params_nhead,params_nlayers,state
0,0.49544929138721977,2024-06-18 12:59:54.240410,2024-06-18 13:02:01.871200,0 days 00:02:07.630790,128,256,64,0.4,64,2.7850336279662092e-05,4,4,COMPLETE
1,0.20001466218715722,2024-06-18 13:02:01.872778,2024-06-18 13:03:12.896798,0 days 00:01:11.024020,32,32,256,0.2,128,0.004034831525693848,2,2,COMPLETE
2,0.5135017588729185,2024-06-18 13:03:12.898186,2024-06-18 13:04:51.841000,0 days 00:01:38.942814,128,64,128,0.30000000000000004,256,6.6967246411467354e-06,4,4,COMPLETE
3,0.8195424018539005,2024-06-18 13:04:51.845180,2024-06-18 13:14:14.261453,0 days 00:09:22.416273,32,128,128,0.1,64,1.9400917893880092e-05,2,3,COMPLETE
4,0.8530613371836878,2024-06-18 13:14:14.262760,2024-06-18 13:26:16.832414,0 days 00:12:02.569654,32,256,32,0.1,256,0.0012775945162575915,8,4,COMPLETE
5,,2024-06-18 13:26:16.833919,2024-06-18 13:27:24.148287,0 days 00:01:07.314368,128,256,128,0.4,64,0.009311770935745124,2,3,FAIL
6,0.8593529121906246,2024-06-18 13:27:24.149375,2024-06-18 13:30:24.011996,0 days 00:02:59.862621,128,64,256,0.1,32,0.0004402952660329367,4,4,COMPLETE
7,0.5142601076874379,2024-06-18 13:30:24.013388,2024-06-18 13:36:07.601205,0 days 00:05:43.587817,64,128,32,0.30000000000000004,128,1.0666440921286987e-05,8,4,COMPLETE
8,0.7864607945739926,2024-06-18 13:36:07.602744,2024-06-18 13:40:46.875200,0 days 00:04:39.272456,64,32,64,0.4,64,0.0005301116283507198,4,4,COMPLETE
9,0.8037851940576618,2024-06-18 13:40:46.876785,2024-06-18 13:44:11.656034,0 days 00:03:24.779249,64,64,256,0.1,32,2.09390007454799e-05,4,2,COMPLETE
10,0.5218827471891186,2024-06-18 13:44:11.657635,2024-06-18 13:45:04.730966,0 days 00:00:53.073331,256,64,256,0.30000000000000004,256,1.1576087866204383e-05,2,2,COMPLETE
11,0.6050402541553906,2024-06-18 13:45:04.732179,2024-06-18 13:46:01.672579,0 days 00:00:56.940400,128,64,256,0.5,32,0.00020246067322452117,4,3,COMPLETE
12,0.8373881020862884,2024-06-18 13:46:01.674329,2024-06-18 13:55:39.068906,0 days 00:09:37.394577,32,256,32,0.1,256,0.002169997115830222,8,3,COMPLETE
13,0.30076615115243893,2024-06-18 13:55:39.070320,2024-06-18 13:56:44.007588,0 days 00:01:04.937268,256,256,32,0.2,32,1.1454494265038997e-06,8,4,COMPLETE
14,0.8230991309228779,2024-06-18 13:56:44.008854,2024-06-18 14:01:32.452149,0 days 00:04:48.443295,32,256,32,0.2,32,0.0006531757886730705,8,3,COMPLETE
15,0.8483250236856208,2024-06-18 14:01:32.453386,2024-06-18 14:04:55.188694,0 days 00:03:22.735308,128,64,256,0.1,256,0.0013161144771883693,8,4,COMPLETE
16,,2024-06-18 14:04:55.190264,2024-06-18 14:07:19.701339,0 days 00:02:24.511075,32,256,32,0.2,32,0.008550944718131106,4,3,FAIL
17,0.8124342837061943,2024-06-18 14:07:19.702396,2024-06-18 14:16:54.457947,0 days 00:09:34.755551,32,256,32,0.2,32,0.00010363575395025845,4,3,COMPLETE
18,0.8525120845753262,2024-06-18 14:16:54.459321,2024-06-18 14:20:09.125311,0 days 00:03:14.665990,128,128,64,0.1,256,0.0003619837781261165,8,4,COMPLETE
19,0.15546315360738291,2024-06-18 14:20:09.126917,2024-06-18 14:20:31.586931,0 days 00:00:22.460014,256,32,128,0.2,128,0.0073997397220255355,4,4,COMPLETE
20,0.6471728119980596,2024-06-18 14:20:31.588167,2024-06-18 14:24:31.076918,0 days 00:03:59.488751,32,64,256,0.4,256,6.017611488215801e-05,8,4,COMPLETE
21,0.850361709912706,2024-06-18 14:24:31.078579,2024-06-18 14:27:09.580581,0 days 00:02:38.502002,128,256,32,0.1,32,0.0014903154396750337,2,3,COMPLETE
22,0.5416312723078953,2024-06-18 14:27:09.582171,2024-06-18 14:27:54.436770,0 days 00:00:44.854599,128,256,256,0.5,256,0.00015999346655826255,8,3,COMPLETE
23,0.8569888822751452,2024-06-18 14:27:54.438458,2024-06-18 14:31:13.646362,0 days 00:03:19.207904,128,128,64,0.1,256,0.000414950323591306,8,4,COMPLETE
24,0.8611468336236733,2024-06-18 14:31:13.647887,2024-06-18 14:34:33.552105,0 days 00:03:19.904218,128,128,64,0.1,256,0.0009989245944759574,8,4,COMPLETE
25,0.8273617545382675,2024-06-18 14:34:33.553778,2024-06-18 14:36:57.520822,0 days 00:02:23.967044,128,128,64,0.2,256,0.0003158908044421022,8,4,COMPLETE
26,0.8587662259333584,2024-06-18 14:36:57.522380,2024-06-18 14:39:52.142209,0 days 00:02:54.619829,128,128,64,0.1,256,0.0006334675813433523,8,4,COMPLETE
27,0.47820955165819806,2024-06-18 14:39:52.143763,2024-06-18 14:40:27.217044,0 days 00:00:35.073281,128,128,64,0.2,32,0.004720104795707343,4,4,COMPLETE
28,0.8644764677990869,2024-06-18 14:40:27.218586,2024-06-18 14:43:47.147847,0 days 00:03:19.929261,128,128,64,0.1,64,0.0007292902068523327,8,4,COMPLETE
29,0.5281309304662191,2024-06-18 14:43:47.157329,2024-06-18 14:44:38.788578,0 days 00:00:51.631249,128,128,64,0.2,64,6.472761331799725e-05,8,3,COMPLETE
30,0.8484362741303099,2024-06-18 14:44:38.790132,2024-06-18 14:47:57.464801,0 days 00:03:18.674669,128,128,64,0.1,64,0.002679908175550713,4,4,COMPLETE
31,0.8156924021865367,2024-06-18 14:47:57.466429,2024-06-18 14:49:27.702647,0 days 00:01:30.236218,128,128,64,0.30000000000000004,64,0.000842329558981477,2,4,COMPLETE
32,0.8317687576241001,2024-06-18 14:49:27.704295,2024-06-18 14:52:02.144614,0 days 00:02:34.440319,128,64,64,0.1,64,0.0002113520661510112,4,4,COMPLETE
33,,2024-06-18 14:52:02.146203,2024-06-18 14:53:16.437393,0 days 00:01:14.291190,128,128,64,0.1,64,0.00982390554569191,8,4,FAIL
34,0.8622973633277357,2024-06-18 14:53:16.438673,2024-06-18 14:56:36.656881,0 days 00:03:20.218208,128,128,64,0.1,64,0.0009119715309915949,8,4,COMPLETE
35,0.8504132293327081,2024-06-18 14:56:36.658472,2024-06-18 14:59:55.222833,0 days 00:03:18.564361,128,128,64,0.1,64,0.002777186872860591,8,4,COMPLETE
36,0.8343974601209723,2024-06-18 14:59:55.224635,2024-06-18 15:01:39.968481,0 days 00:01:44.743846,128,32,64,0.2,64,0.0009571859058992418,8,4,COMPLETE
37,0.09620482719811083,2024-06-18 15:01:39.969939,2024-06-18 15:02:10.120211,0 days 00:00:30.150272,128,128,128,0.1,128,0.00540815911282571,8,4,COMPLETE
38,0.28012712831877595,2024-06-18 15:02:10.121741,2024-06-18 15:02:33.054458,0 days 00:00:22.932717,256,128,64,0.1,64,0.009968528682793965,2,4,COMPLETE
39,0.5461911641988144,2024-06-18 15:02:33.055756,2024-06-18 15:03:57.737031,0 days 00:01:24.681275,64,128,128,0.2,64,0.0018754125257710607,8,4,COMPLETE
40,0.8278414976344538,2024-06-18 15:03:57.738496,2024-06-18 15:05:04.740385,0 days 00:01:07.001889,128,64,256,0.1,128,0.00026662183793634713,4,2,COMPLETE
41,0.5356819300157336,2024-06-18 15:05:04.741974,2024-06-18 15:06:38.788949,0 days 00:01:34.046975,128,32,64,0.4,64,0.00013095616185271062,8,4,COMPLETE
42,0.8189474620569462,2024-06-18 15:06:38.790548,2024-06-18 15:11:34.792883,0 days 00:04:56.002335,64,128,64,0.1,64,4.5685018272649934e-05,2,3,COMPLETE
43,0.5281276927954797,2024-06-18 15:11:34.794805,2024-06-18 15:12:20.820872,0 days 00:00:46.026067,128,64,256,0.2,32,0.0009714000386396379,4,4,COMPLETE
44,0.8583379316095535,2024-06-18 15:12:20.822703,2024-06-18 15:15:39.714896,0 days 00:03:18.892193,128,128,64,0.1,256,0.000518994348732436,8,4,COMPLETE
45,0.8610194981013499,2024-06-18 15:15:39.716301,2024-06-18 15:18:48.624752,0 days 00:03:08.908451,128,128,64,0.1,256,0.0007396538424941674,8,4,COMPLETE
46,0.8509410408793994,2024-06-18 15:18:48.626371,2024-06-18 15:22:08.300398,0 days 00:03:19.674027,128,128,64,0.1,256,0.002614791346884925,8,4,COMPLETE
47,0.8517660929190629,2024-06-18 15:22:08.301752,2024-06-18 15:24:07.520661,0 days 00:01:59.218909,128,128,64,0.1,32,0.0012417119596470942,8,4,COMPLETE
48,0.8596458399234265,2024-06-18 15:24:07.522396,2024-06-18 15:30:30.172153,0 days 00:06:22.649757,64,128,256,0.1,256,0.0006987801801508242,8,4,COMPLETE
49,0.6830513924419506,2024-06-18 15:30:30.173531,2024-06-18 15:36:45.904850,0 days 00:06:15.731319,64,128,64,0.1,256,0.00388028372664585,8,4,COMPLETE
50,0.8087877029985806,2024-06-18 15:36:45.906356,2024-06-18 15:37:55.079842,0 days 00:01:09.173486,64,128,128,0.30000000000000004,256,0.0007546372439717397,8,2,COMPLETE
51,0.5235578486573187,2024-06-18 15:37:55.081056,2024-06-18 15:41:27.055427,0 days 00:03:31.974371,64,128,256,0.1,256,2.2086986648173385e-06,8,4,COMPLETE
52,0.8265991478857369,2024-06-18 15:41:27.056832,2024-06-18 15:43:11.023875,0 days 00:01:43.967043,64,128,64,0.2,256,0.0013162357056075624,8,3,COMPLETE
53,0.8468494770367411,2024-06-18 15:43:11.025411,2024-06-18 15:44:37.232089,0 days 00:01:26.206678,256,128,256,0.1,128,0.00045672717217080927,8,4,COMPLETE
54,0.8626271276173699,2024-06-18 15:44:37.233424,2024-06-18 15:53:33.856337,0 days 00:08:56.622913,32,64,256,0.1,256,0.0002667595076818876,8,4,COMPLETE
55,0.8640893694117049,2024-06-18 15:53:33.857722,2024-06-18 16:02:29.669011,0 days 00:08:55.811289,32,64,256,0.1,256,0.00022037115218488478,8,4,COMPLETE
56,0.8652190463746942,2024-06-18 16:02:29.670590,2024-06-18 16:11:43.143944,0 days 00:09:13.473354,32,64,256,0.1,256,0.00021554574892607235,8,4,COMPLETE
57,0.8638584994164412,2024-06-18 16:11:43.145162,2024-06-18 16:24:01.536304,0 days 00:12:18.391142,32,64,256,0.1,256,0.00023278424806360756,8,4,COMPLETE
58,0.8556844718670442,2024-06-18 16:24:01.537678,2024-06-18 16:36:00.577197,0 days 00:11:59.039519,32,64,256,0.2,256,0.00010329917302511469,8,4,COMPLETE
59,0.8658994945196516,2024-06-18 16:36:00.578592,2024-06-18 16:47:08.945492,0 days 00:11:08.366900,32,64,256,0.1,256,0.00022608082630393996,8,4,COMPLETE
60,0.8596973214171159,2024-06-18 16:47:08.946880,2024-06-18 16:53:21.013673,0 days 00:06:12.066793,32,64,256,0.1,256,0.0002262571336955031,8,4,COMPLETE
61,0.5955681728850188,2024-06-18 16:53:21.015214,2024-06-18 16:55:49.539525,0 days 00:02:28.524311,32,64,256,0.5,256,0.0001504977252533162,8,4,COMPLETE
62,0.840343660753709,2024-06-18 16:55:49.541219,2024-06-18 17:01:23.237482,0 days 00:05:33.696263,32,64,256,0.1,256,8.326323321520566e-05,8,3,COMPLETE
63,0.8160693474530449,2024-06-18 17:01:23.238890,2024-06-18 17:09:58.580728,0 days 00:08:35.341838,32,64,256,0.2,256,2.97839216195479e-05,2,4,COMPLETE
64,0.8579997974800895,2024-06-18 17:09:58.582289,2024-06-18 17:21:39.808514,0 days 00:11:41.226225,32,64,256,0.1,256,0.00034034167550382353,8,4,COMPLETE
65,0.8635650807872276,2024-06-18 17:21:39.809951,2024-06-18 17:32:09.228739,0 days 00:10:29.418788,32,64,256,0.1,256,0.00016319443272110666,8,4,COMPLETE
66,0.8611584931967501,2024-06-18 17:32:09.230142,2024-06-18 17:40:29.684171,0 days 00:08:20.454029,32,64,256,0.1,256,0.0002693605928878132,8,4,COMPLETE
67,0.8643944996119823,2024-06-18 17:40:29.685688,2024-06-18 17:47:56.460566,0 days 00:07:26.774878,32,64,256,0.1,256,0.00016708050599446712,8,4,COMPLETE
68,0.8606470286905862,2024-06-18 17:47:56.461982,2024-06-18 17:57:32.712434,0 days 00:09:36.250452,32,64,256,0.1,256,0.00016296537653266707,8,4,COMPLETE
69,0.8449711963360116,2024-06-18 17:57:32.713866,2024-06-18 18:06:48.520408,0 days 00:09:15.806542,32,64,256,0.1,256,8.191629584060719e-05,8,4,COMPLETE
70,0.8360311354823701,2024-06-18 18:06:48.521805,2024-06-18 18:13:36.660407,0 days 00:06:48.138602,32,64,256,0.1,256,4.057341457743653e-05,8,4,COMPLETE
71,0.8102173225535376,2024-06-18 18:13:36.661971,2024-06-18 18:25:50.675996,0 days 00:12:14.014025,32,64,32,0.2,256,0.00012151481187137834,8,4,COMPLETE
72,0.8588257693277367,2024-06-18 18:25:50.677244,2024-06-18 18:32:00.796515,0 days 00:06:10.119271,32,64,256,0.1,256,0.00017793978103177797,8,4,COMPLETE
73,0.8446907331190499,2024-06-18 18:32:00.797955,2024-06-18 18:44:24.477710,0 days 00:12:23.679755,32,64,256,0.1,128,0.0003828134082124858,8,4,COMPLETE
74,0.8625453036646348,2024-06-18 18:44:24.479333,2024-06-18 18:51:30.760915,0 days 00:07:06.281582,32,64,256,0.1,256,0.0002677184179238492,8,4,COMPLETE
75,0.7872220560704419,2024-06-18 18:51:30.762346,2024-06-18 18:54:36.432261,0 days 00:03:05.669915,32,64,256,0.1,256,0.0005274919781909496,8,4,COMPLETE
76,0.864627719088814,2024-06-18 18:54:36.433656,2024-06-18 19:03:33.032499,0 days 00:08:56.598843,32,64,256,0.1,256,0.00018757729101594737,8,4,COMPLETE
77,0.8589880468904089,2024-06-18 19:03:33.033982,2024-06-18 19:14:57.080803,0 days 00:11:24.046821,32,64,256,0.1,256,8.029322606376382e-05,8,4,COMPLETE
78,0.854429909817239,2024-06-18 19:14:57.082223,2024-06-18 19:24:09.199997,0 days 00:09:12.117774,32,32,256,0.1,256,0.0001145654654366092,2,4,COMPLETE
79,0.6320958632470016,2024-06-18 19:24:09.201458,2024-06-18 19:27:09.875665,0 days 00:03:00.674207,32,256,256,0.4,256,6.762183894693296e-05,8,4,COMPLETE
80,0.8393915800060104,2024-06-18 19:27:09.877108,2024-06-18 19:39:15.136278,0 days 00:12:05.259170,32,64,32,0.1,256,0.0001952723303271184,8,4,COMPLETE
81,0.840465916606504,2024-06-18 19:39:15.137623,2024-06-18 19:48:19.572627,0 days 00:09:04.435004,32,64,256,0.2,256,0.00014241121212802484,8,4,COMPLETE
82,0.863044700675308,2024-06-18 19:48:19.574247,2024-06-18 19:57:18.481818,0 days 00:08:58.907571,32,64,128,0.1,64,0.00031049808797494724,8,4,COMPLETE
83,0.8182935572906452,2024-06-18 19:57:18.483263,2024-06-18 19:59:09.447437,0 days 00:01:50.964174,256,64,256,0.1,256,5.606507203964611e-05,8,4,COMPLETE
84,0.8635516277066804,2024-06-18 19:59:09.448758,2024-06-18 20:07:53.379859,0 days 00:08:43.931101,32,64,128,0.1,64,0.00039992228324894577,8,4,COMPLETE
85,0.8627418065517317,2024-06-18 20:07:53.381251,2024-06-18 20:15:04.588377,0 days 00:07:11.207126,32,64,128,0.1,64,0.00021297936986387406,8,4,COMPLETE
86,0.8655377402662824,2024-06-18 20:15:04.589837,2024-06-18 20:26:08.312829,0 days 00:11:03.722992,32,64,128,0.1,64,0.00042171900789509347,8,4,COMPLETE
87,0.8602741757305034,2024-06-18 20:26:08.314482,2024-06-18 20:36:34.194398,0 days 00:10:25.879916,32,64,128,0.1,64,0.000579101307537991,8,4,COMPLETE
88,0.8632345205514431,2024-06-18 20:36:34.195895,2024-06-18 20:45:38.672288,0 days 00:09:04.476393,32,64,256,0.1,64,0.00017825750284540867,8,4,COMPLETE
89,0.8459680667928825,2024-06-18 20:45:38.673831,2024-06-18 20:57:42.056266,0 days 00:12:03.382435,32,32,256,0.1,128,0.00046148484739581575,8,4,COMPLETE
90,0.8596873961117272,2024-06-18 20:57:42.057841,2024-06-18 21:09:24.463838,0 days 00:11:42.405997,32,256,128,0.1,32,9.594823806181578e-05,4,4,COMPLETE
91,0.8478665975523745,2024-06-18 21:09:24.465273,2024-06-18 21:16:17.660073,0 days 00:06:53.194800,32,64,256,0.2,256,0.0003223575243838767,8,4,COMPLETE
92,0.8550307628188855,2024-06-18 21:16:17.661534,2024-06-18 21:28:20.916005,0 days 00:12:03.254471,32,64,256,0.1,64,0.00025337205861610294,2,4,COMPLETE
93,0.5249841004624143,2024-06-18 21:28:20.917412,2024-06-18 21:29:02.006635,0 days 00:00:41.089223,256,64,32,0.1,256,0.00012468379714248112,8,4,COMPLETE
94,0.8650306692208283,2024-06-18 21:29:02.007690,2024-06-18 21:38:52.940005,0 days 00:09:50.932315,32,64,128,0.1,64,0.0004100379410835244,8,4,COMPLETE
95,0.8639157756914275,2024-06-18 21:38:52.956181,2024-06-18 21:49:56.252008,0 days 00:11:03.295827,32,64,128,0.1,64,0.00040915271089185035,8,4,COMPLETE
96,0.8618544686887879,2024-06-18 21:49:56.253408,2024-06-18 22:01:15.583110,0 days 00:11:19.329702,32,64,128,0.1,64,0.00045237925543061013,8,4,COMPLETE
97,0.8611950482247643,2024-06-18 22:01:15.584518,2024-06-18 22:07:50.161588,0 days 00:06:34.577070,32,64,128,0.1,64,0.00022195847765762864,8,4,COMPLETE
98,0.861396142244943,2024-06-18 22:07:50.163110,2024-06-18 22:19:50.048079,0 days 00:11:59.884969,32,64,128,0.1,64,0.0006268276776752697,8,4,COMPLETE
99,0.8637731845043852,2024-06-18 22:19:50.049533,2024-06-18 22:27:22.386956,0 days 00:07:32.337423,32,64,128,0.1,64,0.00038421818558940645,8,4,COMPLETE
