number,value,datetime_start,datetime_complete,duration,params_batch_size,params_d_hid,params_d_model,params_dropout,params_ff_size,params_lr,params_nhead,params_nlayers,state
0,0.4492154462516062,2024-06-22 13:00:05.723377,2024-06-22 13:00:53.199684,0 days 00:00:47.476307,128,128,256,0.1,32,0.00012698297515914585,4,3,COMPLETE
1,0.3887255363568373,2024-06-22 13:00:53.201765,2024-06-22 13:02:02.659676,0 days 00:01:09.457911,64,64,128,0.30000000000000004,256,5.4023658490644466e-05,4,2,COMPLETE
2,-0.0004816470072830719,2024-06-22 13:02:02.664952,2024-06-22 13:04:30.288227,0 days 00:02:27.623275,128,64,32,0.2,64,2.6351053090747596e-06,4,2,COMPLETE
3,0.14733990244659761,2024-06-22 13:04:30.289945,2024-06-22 13:06:14.984429,0 days 00:01:44.694484,64,256,32,0.2,256,1.7318537990956092e-06,8,2,COMPLETE
4,0.2961712387720252,2024-06-22 13:06:14.986115,2024-06-22 13:07:03.323583,0 days 00:00:48.337468,64,128,32,0.5,64,0.0003198566045556157,2,2,COMPLETE
5,0.3160329094693236,2024-06-22 13:07:03.324966,2024-06-22 13:07:23.942838,0 days 00:00:20.617872,256,64,64,0.4,32,0.004882306861488424,8,3,COMPLETE
6,0.4328990076011546,2024-06-22 13:07:23.944162,2024-06-22 13:07:47.848856,0 days 00:00:23.904694,256,128,64,0.30000000000000004,32,0.0003484899354930026,8,4,COMPLETE
7,0.3977170358419044,2024-06-22 13:07:47.850700,2024-06-22 13:09:14.716234,0 days 00:01:26.865534,64,128,32,0.5,32,2.878298923006547e-05,4,4,COMPLETE
8,-0.4076142749244443,2024-06-22 13:09:14.717726,2024-06-22 13:11:26.864157,0 days 00:02:12.146431,256,256,256,0.4,256,2.1508312073243052e-06,8,4,COMPLETE
9,0.49412864697000575,2024-06-22 13:11:26.865443,2024-06-22 13:13:13.306023,0 days 00:01:46.440580,64,256,256,0.4,128,0.0009422981429727575,8,2,COMPLETE
10,-0.15701233558833516,2024-06-22 13:13:13.307796,2024-06-22 13:16:09.450915,0 days 00:02:56.143119,32,32,256,0.4,128,0.006129248472736573,2,3,COMPLETE
11,0.4075129297164813,2024-06-22 13:16:09.452361,2024-06-22 13:16:48.375282,0 days 00:00:38.922921,128,256,256,0.1,128,0.0008391042924120652,4,3,COMPLETE
12,0.2759963159550726,2024-06-22 13:16:48.376987,2024-06-22 13:18:17.692096,0 days 00:01:29.315109,128,32,256,0.1,128,1.8875825020317666e-05,8,3,COMPLETE
13,0.24435413945004386,2024-06-22 13:18:17.693937,2024-06-22 13:19:36.895414,0 days 00:01:19.201477,32,256,256,0.2,32,0.0010024602632251012,4,2,COMPLETE
14,-0.09410260089515043,2024-06-22 13:19:36.896761,2024-06-22 13:20:28.036825,0 days 00:00:51.140064,128,128,128,0.4,128,0.0002654096261986713,2,3,COMPLETE
15,0.22180104455580132,2024-06-22 13:20:28.038164,2024-06-22 13:22:32.106911,0 days 00:02:04.068747,64,256,256,0.1,32,0.001783741959556054,8,3,COMPLETE
16,0.19005586460902718,2024-06-22 13:22:32.108259,2024-06-22 13:23:05.295406,0 days 00:00:33.187147,128,128,256,0.30000000000000004,128,0.00011286547828691571,4,2,COMPLETE
17,0.4774371076024957,2024-06-22 13:23:05.297355,2024-06-22 13:25:53.570863,0 days 00:02:48.273508,32,32,256,0.2,64,7.85727242622581e-06,8,4,COMPLETE
18,0.4824967185494507,2024-06-22 13:25:53.572336,2024-06-22 13:32:11.377561,0 days 00:06:17.805225,32,32,64,0.2,64,9.972835848709311e-06,8,4,COMPLETE
19,0.24820606838859316,2024-06-22 13:32:11.379107,2024-06-22 13:34:18.327061,0 days 00:02:06.947954,32,32,64,0.5,64,1.2755475955870159e-05,8,4,COMPLETE
20,0.4872643537193505,2024-06-22 13:34:18.328449,2024-06-22 13:41:40.920433,0 days 00:07:22.591984,32,32,64,0.30000000000000004,64,4.765836302396805e-05,8,4,COMPLETE
21,0.4703482799553529,2024-06-22 13:41:40.921987,2024-06-22 13:44:30.747665,0 days 00:02:49.825678,32,32,64,0.30000000000000004,64,6.284494918592135e-06,8,4,COMPLETE
22,0.4865524610898869,2024-06-22 13:44:30.749254,2024-06-22 13:48:02.235321,0 days 00:03:31.486067,32,32,64,0.4,64,3.772038440764968e-05,8,4,COMPLETE
23,0.45337961782200525,2024-06-22 13:48:02.236719,2024-06-22 13:52:16.623773,0 days 00:04:14.387054,32,32,64,0.4,64,4.298931796406041e-05,8,4,COMPLETE
24,0.49130419722478896,2024-06-22 13:52:16.625276,2024-06-22 13:56:49.452048,0 days 00:04:32.826772,32,32,64,0.4,64,7.257847148561873e-05,8,4,COMPLETE
25,0.4553410634068335,2024-06-22 13:56:49.453406,2024-06-22 13:58:04.187496,0 days 00:01:14.734090,64,256,64,0.30000000000000004,128,8.362496604250199e-05,8,4,COMPLETE
26,0.5134909454710329,2024-06-22 13:58:04.188974,2024-06-22 14:04:32.823567,0 days 00:06:28.634593,32,32,128,0.5,64,0.0001894533499944451,2,3,COMPLETE
27,0.18892800572005683,2024-06-22 14:04:32.825011,2024-06-22 14:09:13.623225,0 days 00:04:40.798214,32,32,128,0.5,64,0.0028034417438574386,2,2,COMPLETE
28,0.5004870579134553,2024-06-22 14:09:13.624586,2024-06-22 14:11:59.605066,0 days 00:02:45.980480,64,256,128,0.5,128,0.0006482532532190347,2,3,COMPLETE
29,0.45168349636981564,2024-06-22 14:11:59.606428,2024-06-22 14:17:15.731969,0 days 00:05:16.125541,64,256,128,0.5,128,0.0006816762083127704,2,3,COMPLETE
30,0.45254879440204343,2024-06-22 14:17:15.733630,2024-06-22 14:18:33.630396,0 days 00:01:17.896766,64,256,128,0.5,128,0.0001694083623126293,2,3,COMPLETE
31,0.3499116222906489,2024-06-22 14:18:33.632114,2024-06-22 14:21:45.227289,0 days 00:03:11.595175,64,256,128,0.5,128,0.0005404750717495315,2,3,COMPLETE
32,0.41936332730207493,2024-06-22 14:21:45.228637,2024-06-22 14:24:20.357737,0 days 00:02:35.129100,64,64,128,0.4,256,0.001886642160438831,2,3,COMPLETE
33,0.47727305669293024,2024-06-22 14:24:20.359086,2024-06-22 14:25:07.951397,0 days 00:00:47.592311,64,256,128,0.5,128,0.00018246503898481327,2,2,COMPLETE
34,0.4022016263611285,2024-06-22 14:25:07.952792,2024-06-22 14:25:51.603610,0 days 00:00:43.650818,256,64,128,0.4,64,0.00010162285487720903,2,2,COMPLETE
35,0.33088671188666813,2024-06-22 14:25:51.604873,2024-06-22 14:30:19.658992,0 days 00:04:28.054119,64,256,128,0.5,256,0.001355345129458281,2,3,COMPLETE
36,0.4889240480099945,2024-06-22 14:30:19.660540,2024-06-22 14:33:36.585784,0 days 00:03:16.925244,32,32,32,0.4,128,0.00043241530732038367,2,2,COMPLETE
37,,2024-06-22 14:33:36.587125,2024-06-22 14:38:08.428065,0 days 00:04:31.840940,64,64,128,0.5,64,0.009703387502026269,2,3,FAIL
38,0.4859818542682896,2024-06-22 14:38:08.429024,2024-06-22 14:40:10.011546,0 days 00:02:01.582522,64,64,128,0.5,64,6.81722934629952e-05,2,3,COMPLETE
39,-0.11919383164578333,2024-06-22 14:40:10.012914,2024-06-22 14:40:47.631400,0 days 00:00:37.618486,256,256,32,0.4,64,0.003256593068364046,2,3,COMPLETE
40,0.45872870675080335,2024-06-22 14:40:47.633546,2024-06-22 14:43:33.880206,0 days 00:02:46.246660,64,32,128,0.5,256,0.0002514445217346653,4,2,COMPLETE
41,,2024-06-22 14:43:33.881604,2024-06-22 14:49:21.057795,0 days 00:05:47.176191,32,256,128,0.4,128,0.008790816412404338,8,2,FAIL
42,,2024-06-22 14:49:21.058902,2024-06-22 14:54:14.102354,0 days 00:04:53.043452,32,256,128,0.4,128,0.00920655245070142,8,2,FAIL
43,0.21410198913262177,2024-06-22 14:54:14.103344,2024-06-22 14:58:28.011140,0 days 00:04:13.907796,32,256,128,0.4,128,4.070320827351386e-06,8,2,COMPLETE
44,-0.2610721869376641,2024-06-22 14:58:28.012518,2024-06-22 15:03:34.862529,0 days 00:05:06.850011,32,32,32,0.4,128,1.0238717315841149e-06,2,2,COMPLETE
45,0.4814099478806758,2024-06-22 15:03:34.864124,2024-06-22 15:05:59.764995,0 days 00:02:24.900871,32,32,32,0.4,128,0.0005823106010065697,2,2,COMPLETE
46,0.493921002644762,2024-06-22 15:05:59.774278,2024-06-22 15:12:23.166263,0 days 00:06:23.391985,32,32,32,0.4,128,0.0004007248140397072,2,2,COMPLETE
47,0.4835250528248075,2024-06-22 15:12:23.168234,2024-06-22 15:17:24.755951,0 days 00:05:01.587717,32,32,32,0.5,128,0.00015827320167870502,2,3,COMPLETE
48,-0.1605901137357862,2024-06-22 15:17:24.757472,2024-06-22 15:17:41.170912,0 days 00:00:16.413440,256,128,32,0.30000000000000004,32,0.00034540727000249085,2,2,COMPLETE
49,0.40330237318735124,2024-06-22 15:17:41.172274,2024-06-22 15:18:55.232946,0 days 00:01:14.060672,128,32,256,0.4,128,0.0009844131267075294,8,2,COMPLETE
50,0.49241295317866557,2024-06-22 15:18:55.238104,2024-06-22 15:21:43.427247,0 days 00:02:48.189143,32,64,256,0.5,128,2.2167146278013756e-05,4,3,COMPLETE
51,0.3270302187555104,2024-06-22 15:21:43.428660,2024-06-22 15:23:39.143422,0 days 00:01:55.714762,64,64,256,0.5,128,2.2593847572952126e-05,4,3,COMPLETE
52,-0.17578678526471284,2024-06-22 15:23:39.144825,2024-06-22 15:25:36.471591,0 days 00:01:57.326766,32,64,256,0.5,128,0.007247354792457629,4,3,COMPLETE
53,0.31613005153203,2024-06-22 15:25:36.472973,2024-06-22 15:26:05.038677,0 days 00:00:28.565704,128,64,256,0.5,128,0.0012459146821157227,4,3,COMPLETE
54,0.5001096072930212,2024-06-22 15:26:05.040399,2024-06-22 15:34:32.135449,0 days 00:08:27.095050,32,64,256,0.4,128,0.0002650327813292142,4,2,COMPLETE
55,0.501416931219691,2024-06-22 15:34:32.137012,2024-06-22 15:42:22.106711,0 days 00:07:49.969699,32,64,256,0.5,128,0.00025474362816778063,4,2,COMPLETE
56,0.4752751442466217,2024-06-22 15:42:22.108795,2024-06-22 15:49:04.931348,0 days 00:06:42.822553,32,64,256,0.5,128,0.00025590283093220224,4,2,COMPLETE
57,0.4723997553592615,2024-06-22 15:49:04.932784,2024-06-22 15:52:39.263615,0 days 00:03:34.330831,32,64,256,0.30000000000000004,128,0.00044258551217808955,4,2,COMPLETE
58,0.2360089573343808,2024-06-22 15:52:39.264947,2024-06-22 15:56:13.323068,0 days 00:03:34.058121,32,64,256,0.4,32,0.0007195269296319988,4,2,COMPLETE
59,0.49846393241758885,2024-06-22 15:56:13.324465,2024-06-22 16:00:53.559682,0 days 00:04:40.235217,32,128,256,0.4,128,0.00020733293592004135,4,2,COMPLETE
60,0.4410915769006353,2024-06-22 16:00:53.561080,2024-06-22 16:01:42.065776,0 days 00:00:48.504696,64,128,256,0.5,128,0.00017901898048575614,4,2,COMPLETE
61,0.49497458235329533,2024-06-22 16:01:42.067702,2024-06-22 16:08:04.587440,0 days 00:06:22.519738,32,128,256,0.4,128,0.00024010927364627205,4,2,COMPLETE
62,0.4985309396148173,2024-06-22 16:08:04.589080,2024-06-22 16:13:36.216622,0 days 00:05:31.627542,32,128,256,0.5,256,0.00012334730481046883,4,2,COMPLETE
63,0.5025485390460412,2024-06-22 16:13:36.218086,2024-06-22 16:17:22.972495,0 days 00:03:46.754409,32,128,256,0.5,256,0.0001242646999566974,4,2,COMPLETE
64,0.5079024684617492,2024-06-22 16:17:22.973876,2024-06-22 16:25:38.814479,0 days 00:08:15.840603,32,128,256,0.5,256,0.00010935302856395798,4,2,COMPLETE
65,0.5055629034701989,2024-06-22 16:25:38.816157,2024-06-22 16:32:44.126169,0 days 00:07:05.310012,32,128,256,0.5,256,0.00012104713983856465,4,2,COMPLETE
66,0.4845389465436078,2024-06-22 16:32:44.127988,2024-06-22 16:34:31.355345,0 days 00:01:47.227357,32,128,256,0.5,256,5.641900014011812e-05,4,2,COMPLETE
67,0.4957135828985541,2024-06-22 16:34:31.356795,2024-06-22 16:36:32.006269,0 days 00:02:00.649474,32,128,256,0.5,256,9.36529544338759e-05,4,2,COMPLETE
68,0.4983372168905483,2024-06-22 16:36:32.007630,2024-06-22 16:38:57.647696,0 days 00:02:25.640066,32,128,256,0.5,256,0.00013548567811547197,4,2,COMPLETE
69,0.48004742801110273,2024-06-22 16:38:57.649048,2024-06-22 16:41:24.400114,0 days 00:02:26.751066,32,128,256,0.5,256,3.404240585654468e-05,4,2,COMPLETE
70,0.5049076275447716,2024-06-22 16:41:24.401502,2024-06-22 16:49:21.011985,0 days 00:07:56.610483,32,128,256,0.5,256,0.00030132301199980625,4,2,COMPLETE
71,0.13187246257369875,2024-06-22 16:49:21.013723,2024-06-22 16:49:39.662110,0 days 00:00:18.648387,256,128,256,0.5,256,6.684088059824973e-05,4,2,COMPLETE
72,0.4935626577534086,2024-06-22 16:49:39.663312,2024-06-22 16:57:40.452369,0 days 00:08:00.789057,32,128,128,0.5,256,0.0001265064043437819,4,2,COMPLETE
73,0.35190278362818483,2024-06-22 16:57:40.454055,2024-06-22 16:58:09.604252,0 days 00:00:29.150197,128,128,256,0.5,256,0.00032243474647402617,4,2,COMPLETE
74,0.5083107570955328,2024-06-22 16:58:09.606028,2024-06-22 17:03:02.416958,0 days 00:04:52.810930,32,128,256,0.5,256,0.000290277873173348,4,2,COMPLETE
75,0.23390251149595567,2024-06-22 17:03:02.418571,2024-06-22 17:07:00.109245,0 days 00:03:57.690674,32,128,256,0.5,256,0.0004941817873537454,4,2,COMPLETE
76,0.48780296565277625,2024-06-22 17:07:00.110607,2024-06-22 17:10:58.278007,0 days 00:03:58.167400,32,128,256,0.5,256,9.258540522902706e-05,4,2,COMPLETE
77,0.5087912025003375,2024-06-22 17:10:58.279363,2024-06-22 17:19:48.619120,0 days 00:08:50.339757,32,128,128,0.5,256,0.00014996992096571744,4,2,COMPLETE
78,0.490685969479825,2024-06-22 17:19:48.620462,2024-06-22 17:22:42.563986,0 days 00:02:53.943524,32,128,256,0.5,256,0.00014773529598217081,4,2,COMPLETE
79,0.49684390106621135,2024-06-22 17:22:42.565538,2024-06-22 17:31:35.234540,0 days 00:08:52.669002,32,128,128,0.5,256,0.0001090194666116893,4,2,COMPLETE
80,0.5014700049051763,2024-06-22 17:31:35.235587,2024-06-22 17:36:14.839407,0 days 00:04:39.603820,32,128,256,0.5,256,5.1884345510067334e-05,4,2,COMPLETE
81,0.5042659852300517,2024-06-22 17:36:14.856150,2024-06-22 17:42:15.434973,0 days 00:06:00.578823,32,128,256,0.5,256,7.339378364313447e-05,4,2,COMPLETE
82,0.5050118044123695,2024-06-22 17:42:15.436547,2024-06-22 17:49:07.987331,0 days 00:06:52.550784,32,128,128,0.5,256,0.00019896396460468058,4,2,COMPLETE
83,0.4968683015391355,2024-06-22 17:49:07.988634,2024-06-22 17:50:55.499032,0 days 00:01:47.510398,32,128,128,0.2,256,7.521942491730024e-05,4,2,COMPLETE
84,0.5059827460224061,2024-06-22 17:50:55.500259,2024-06-22 17:56:13.066994,0 days 00:05:17.566735,32,128,128,0.5,256,0.00020997504579464577,4,2,COMPLETE
85,0.5101427482799966,2024-06-22 17:56:13.068242,2024-06-22 18:03:32.212301,0 days 00:07:19.144059,32,128,128,0.5,256,0.00020854142751788085,4,2,COMPLETE
86,0.4616199080870873,2024-06-22 18:03:32.214194,2024-06-22 18:05:45.067627,0 days 00:02:12.853433,32,128,128,0.5,256,0.0002001506142197783,4,2,COMPLETE
87,0.5112865862689498,2024-06-22 18:05:45.068980,2024-06-22 18:10:48.504470,0 days 00:05:03.435490,32,128,128,0.5,256,0.0003561001973739509,4,2,COMPLETE
88,0.5082069632528089,2024-06-22 18:10:48.505968,2024-06-22 18:16:19.115032,0 days 00:05:30.609064,32,128,128,0.5,256,0.00037247532356650577,4,2,COMPLETE
89,0.5048550870439398,2024-06-22 18:16:19.116406,2024-06-22 18:21:26.139217,0 days 00:05:07.022811,32,128,128,0.5,256,0.00037090389087339844,4,2,COMPLETE
90,0.4530935560968355,2024-06-22 18:21:26.141153,2024-06-22 18:24:57.703584,0 days 00:03:31.562431,32,128,128,0.5,256,0.000833796419224462,4,2,COMPLETE
91,-0.4365867676598154,2024-06-22 18:24:57.705074,2024-06-22 18:25:41.466267,0 days 00:00:43.761193,256,128,128,0.5,256,0.00015535905435467068,4,2,COMPLETE
92,0.4850321351737089,2024-06-22 18:25:41.467397,2024-06-22 18:30:46.650714,0 days 00:05:05.183317,32,128,128,0.5,256,0.0005583347716132954,4,2,COMPLETE
93,0.5016131957127189,2024-06-22 18:30:46.652149,2024-06-22 18:35:18.018752,0 days 00:04:31.366603,32,128,128,0.5,256,0.00034451319525957886,4,2,COMPLETE
94,0.4982201541270267,2024-06-22 18:35:18.020251,2024-06-22 18:40:52.128035,0 days 00:05:34.107784,32,128,128,0.5,256,0.00020534461807453675,4,2,COMPLETE
95,0.5069359675189065,2024-06-22 18:40:52.129420,2024-06-22 18:43:44.729505,0 days 00:02:52.600085,32,128,128,0.1,256,0.00021058035702438928,4,2,COMPLETE
96,0.5178993812794184,2024-06-22 18:43:44.735902,2024-06-22 18:48:24.191315,0 days 00:04:39.455413,32,128,128,0.1,256,0.00028185676400294135,4,2,COMPLETE
97,0.508939627654619,2024-06-22 18:48:24.197079,2024-06-22 18:50:37.865543,0 days 00:02:13.668464,32,128,128,0.1,32,0.00030190668022895607,4,2,COMPLETE
98,0.48771030222569534,2024-06-22 18:50:37.867517,2024-06-22 18:51:08.159581,0 days 00:00:30.292064,128,128,128,0.1,32,0.00046767211549810585,4,2,COMPLETE
99,0.4922980301616096,2024-06-22 18:51:08.160866,2024-06-22 18:54:00.763097,0 days 00:02:52.602231,32,128,128,0.1,32,0.0003061529587811759,4,2,COMPLETE
