number,value,datetime_start,datetime_complete,duration,params_batch_size,params_d_hid,params_d_model,params_dropout,params_lr,params_nhead,params_nlayers,state
0,0.09223933250745885,2024-06-10 23:12:00.806579,2024-06-10 23:12:45.032786,0 days 00:00:44.226207,256,256,32,0.4,0.007552057083703259,4,2,COMPLETE
1,0.4803898520106671,2024-06-10 23:12:45.034087,2024-06-10 23:14:53.315767,0 days 00:02:08.281680,64,256,256,0.2,2.4739860753399758e-05,4,2,COMPLETE
2,0.47090793218365234,2024-06-10 23:14:53.317138,2024-06-10 23:16:07.408033,0 days 00:01:14.090895,64,256,256,0.2,9.653465112557046e-05,8,2,COMPLETE
3,0.41568561876745147,2024-06-10 23:16:07.409386,2024-06-10 23:17:19.140932,0 days 00:01:11.731546,128,128,128,0.2,2.673877966754698e-05,2,3,COMPLETE
4,0.43264602289912707,2024-06-10 23:17:19.142528,2024-06-10 23:19:14.448561,0 days 00:01:55.306033,64,128,128,0.1,4.498612736347148e-06,4,4,COMPLETE
5,-0.3995080262767925,2024-06-10 23:19:14.450104,2024-06-10 23:21:01.112600,0 days 00:01:46.662496,64,256,32,0.5,5.271071689127776e-05,4,4,COMPLETE
6,-0.1734803953446467,2024-06-10 23:21:01.113755,2024-06-10 23:24:46.196878,0 days 00:03:45.083123,64,32,64,0.2,2.358973471228351e-06,8,3,COMPLETE
7,,2024-06-10 23:24:46.198409,2024-06-10 23:33:24.999351,0 days 00:08:38.800942,32,256,128,0.30000000000000004,0.0030977465772874225,4,4,FAIL
8,0.4666220855850262,2024-06-10 23:33:25.000484,2024-06-10 23:33:58.934768,0 days 00:00:33.934284,128,32,32,0.5,0.0001463795542612146,4,2,COMPLETE
9,0.43379463361763154,2024-06-10 23:33:58.936493,2024-06-10 23:34:31.441100,0 days 00:00:32.504607,256,256,256,0.5,9.11525579193331e-05,2,3,COMPLETE
10,0.4335424968358382,2024-06-10 23:34:31.442720,2024-06-10 23:36:18.204976,0 days 00:01:46.762256,64,128,64,0.4,0.0003027939630900222,8,2,COMPLETE
11,0.09770628268227037,2024-06-10 23:36:18.206509,2024-06-10 23:42:18.192475,0 days 00:05:59.985966,32,64,32,0.4,0.002876899956249952,4,4,COMPLETE
12,-0.19536516671928383,2024-06-10 23:42:18.193812,2024-06-10 23:49:17.840438,0 days 00:06:59.646626,64,32,64,0.30000000000000004,1.1426933425221853e-06,8,4,COMPLETE
13,-0.23880070094049055,2024-06-10 23:49:17.841775,2024-06-10 23:57:06.035087,0 days 00:07:48.193312,32,32,64,0.30000000000000004,1.5894655611129575e-06,8,4,COMPLETE
14,0.45734769176176604,2024-06-10 23:57:06.036434,2024-06-11 00:00:27.927934,0 days 00:03:21.891500,32,64,64,0.30000000000000004,1.15582284787957e-05,8,4,COMPLETE
15,0.2873577931863994,2024-06-11 00:00:27.929393,2024-06-11 00:05:10.960537,0 days 00:04:43.031144,32,32,32,0.5,0.0006940310290762875,2,4,COMPLETE
16,0.456656589137506,2024-06-11 00:05:10.961774,2024-06-11 00:07:13.028584,0 days 00:02:02.066810,32,256,64,0.1,4.756523796000637e-06,4,4,COMPLETE
17,0.45088086843846975,2024-06-11 00:07:13.029854,2024-06-11 00:09:21.487217,0 days 00:02:08.457363,32,32,32,0.4,0.0010843962349554588,8,3,COMPLETE
18,-0.06504678995257365,2024-06-11 00:09:21.488486,2024-06-11 00:09:46.747758,0 days 00:00:25.259272,256,64,128,0.30000000000000004,2.1592564304746546e-05,4,4,COMPLETE
19,0.04382850630749577,2024-06-11 00:09:46.748848,2024-06-11 00:10:58.815095,0 days 00:01:12.066247,128,32,64,0.5,8.007723821186332e-06,8,3,COMPLETE
20,0.10214403270905231,2024-06-11 00:10:58.816931,2024-06-11 00:13:42.889264,0 days 00:02:44.072333,32,256,32,0.4,1.6484965612976354e-06,2,4,COMPLETE
21,0.454526303407666,2024-06-11 00:13:42.890729,2024-06-11 00:15:46.575389,0 days 00:02:03.684660,32,256,32,0.30000000000000004,4.828526771747727e-05,8,4,COMPLETE
22,-0.3915889442420543,2024-06-11 00:15:46.576633,2024-06-11 00:22:46.900381,0 days 00:07:00.323748,64,32,64,0.30000000000000004,1.1149046510318206e-06,8,4,COMPLETE
23,0.4067553339849172,2024-06-11 00:22:46.901698,2024-06-11 00:29:45.768050,0 days 00:06:58.866352,64,32,64,0.30000000000000004,1.009992414362283e-06,8,4,COMPLETE
24,0.015881976207381444,2024-06-11 00:29:45.769355,2024-06-11 00:33:37.155558,0 days 00:03:51.386203,64,32,64,0.2,2.866524722555493e-06,8,4,COMPLETE
25,0.01863376198249847,2024-06-11 00:33:37.156845,2024-06-11 00:35:09.457029,0 days 00:01:32.300184,64,32,64,0.4,1.0280888454352743e-05,8,3,COMPLETE
26,-0.17545151285586977,2024-06-11 00:35:09.458636,2024-06-11 00:39:01.508895,0 days 00:03:52.050259,64,32,64,0.1,3.7873925401478115e-06,4,4,COMPLETE
27,0.4392689903295135,2024-06-11 00:39:01.510404,2024-06-11 00:39:28.915333,0 days 00:00:27.404929,128,128,256,0.30000000000000004,0.00025260617403142816,8,3,COMPLETE
28,0.212815148818633,2024-06-11 00:39:28.917093,2024-06-11 00:40:09.449692,0 days 00:00:40.532599,256,64,128,0.5,8.124562218528784e-06,8,4,COMPLETE
29,-0.017226067726145156,2024-06-11 00:40:09.451031,2024-06-11 00:47:10.673284,0 days 00:07:01.222253,64,32,64,0.4,1.7408190201261798e-06,2,4,COMPLETE
30,0.22939972984923146,2024-06-11 00:47:10.674932,2024-06-11 00:47:54.512350,0 days 00:00:43.837418,256,256,32,0.4,0.004049147746964886,4,4,COMPLETE
31,,2024-06-11 00:47:54.513516,2024-06-11 00:49:48.385469,0 days 00:01:53.871953,32,256,32,0.2,0.008270971441138905,4,3,FAIL
32,0.46610198826826293,2024-06-11 00:49:48.386661,2024-06-11 00:53:21.979710,0 days 00:03:33.593049,32,256,32,0.2,1.5461979405676365e-05,4,3,COMPLETE
33,-0.002840960589609562,2024-06-11 00:53:21.980807,2024-06-11 01:00:20.186160,0 days 00:06:58.205353,64,32,64,0.30000000000000004,1.1386976681095985e-06,8,4,COMPLETE
34,-0.3611733553418008,2024-06-11 01:00:20.187514,2024-06-11 01:07:20.717094,0 days 00:07:00.529580,64,32,64,0.30000000000000004,1.780410208074608e-06,8,4,COMPLETE
35,-0.06740166085074975,2024-06-11 01:07:20.718391,2024-06-11 01:09:48.550356,0 days 00:02:27.831965,64,32,64,0.2,5.732220029006974e-06,8,4,COMPLETE
36,0.4889645759641892,2024-06-11 01:09:48.551652,2024-06-11 01:11:25.039479,0 days 00:01:36.487827,64,32,256,0.30000000000000004,4.1275173086949355e-05,8,4,COMPLETE
37,0.22599051739076267,2024-06-11 01:11:25.040848,2024-06-11 01:13:42.579166,0 days 00:02:17.538318,64,256,64,0.2,2.3230199321639067e-06,8,4,COMPLETE
38,,2024-06-11 01:13:42.580575,2024-06-11 01:19:08.231488,0 days 00:05:25.650913,64,128,128,0.30000000000000004,0.009418492622045064,4,4,FAIL
39,0.2902936465870489,2024-06-11 01:19:08.232725,2024-06-11 01:20:21.710772,0 days 00:01:13.478047,64,128,128,0.30000000000000004,3.134590245872067e-06,4,4,COMPLETE
40,-0.44412519355746305,2024-06-11 01:20:21.712077,2024-06-11 01:24:31.362944,0 days 00:04:09.650867,64,32,64,0.2,1.7598740730069814e-06,8,2,COMPLETE
41,0.4609837330797334,2024-06-11 01:24:31.364380,2024-06-11 01:25:11.400570,0 days 00:00:40.036190,64,32,256,0.1,3.5341643867325585e-05,2,2,COMPLETE
42,0.33652732228678217,2024-06-11 01:25:11.402083,2024-06-11 01:27:17.440990,0 days 00:02:06.038907,64,256,64,0.2,7.21784733424088e-05,4,2,COMPLETE
43,0.16185204319765795,2024-06-11 01:27:17.442208,2024-06-11 01:28:49.120537,0 days 00:01:31.678329,64,128,32,0.2,5.494264469838776e-06,8,2,COMPLETE
44,-0.2841253142557917,2024-06-11 01:28:49.121799,2024-06-11 01:31:48.929576,0 days 00:02:59.807777,128,32,64,0.30000000000000004,1.7533839541911567e-06,8,3,COMPLETE
45,-0.3081750934977073,2024-06-11 01:31:48.931192,2024-06-11 01:34:46.221143,0 days 00:02:57.289951,128,32,64,0.4,1.827277288464336e-06,8,3,COMPLETE
46,-0.25855058433654465,2024-06-11 01:34:46.222733,2024-06-11 01:37:08.445091,0 days 00:02:22.222358,128,32,64,0.5,2.7588355890707154e-06,8,2,COMPLETE
47,0.39481983831793804,2024-06-11 01:37:08.446695,2024-06-11 01:40:08.830858,0 days 00:03:00.384163,128,32,64,0.4,1.0497265551233794e-06,8,3,COMPLETE
48,0.3944635985812949,2024-06-11 01:40:08.832720,2024-06-11 01:40:56.803658,0 days 00:00:47.970938,128,32,64,0.4,1.528311517188072e-05,8,3,COMPLETE
49,0.3783300313233938,2024-06-11 01:40:56.805241,2024-06-11 01:42:41.680517,0 days 00:01:44.875276,64,64,64,0.5,2.0485842138034726e-06,8,2,COMPLETE
50,,2024-06-11 01:42:41.682095,2024-06-11 01:44:19.740815,0 days 00:01:38.058720,64,32,128,0.4,0.008099884672409744,4,2,FAIL
51,0.48721443445389906,2024-06-11 01:44:19.742124,2024-06-11 01:45:06.316876,0 days 00:00:46.574752,64,32,128,0.4,0.00015302915794404437,4,2,COMPLETE
52,0.2509552563452627,2024-06-11 01:45:06.318406,2024-06-11 01:47:02.304516,0 days 00:01:55.986110,128,32,64,0.4,4.143132750956643e-06,8,3,COMPLETE
53,0.25829713940370447,2024-06-11 01:47:02.306164,2024-06-11 01:49:28.633147,0 days 00:02:26.326983,64,256,256,0.5,0.0009453506422796102,2,3,COMPLETE
54,0.09374458515185144,2024-06-11 01:49:28.634562,2024-06-11 01:51:09.818816,0 days 00:01:41.184254,256,32,32,0.1,5.90661668873416e-06,8,3,COMPLETE
55,0.06420016506623015,2024-06-11 01:51:09.820027,2024-06-11 01:54:08.167988,0 days 00:02:58.347961,128,32,64,0.30000000000000004,1.5105512324329845e-06,8,3,COMPLETE
56,-0.04380416616622092,2024-06-11 01:54:08.169553,2024-06-11 01:57:06.331749,0 days 00:02:58.162196,128,32,64,0.30000000000000004,1.6745577580241602e-06,8,3,COMPLETE
57,0.06099049009772752,2024-06-11 01:57:06.333460,2024-06-11 02:00:03.726160,0 days 00:02:57.392700,128,32,64,0.30000000000000004,2.5675533555883526e-06,8,3,COMPLETE
58,0.046679477195671205,2024-06-11 02:00:03.727827,2024-06-11 02:00:30.460327,0 days 00:00:26.732500,128,32,64,0.30000000000000004,0.00944526801774269,8,3,COMPLETE
59,-0.32136883079501416,2024-06-11 02:00:30.461863,2024-06-11 02:02:50.900139,0 days 00:02:20.438276,128,32,64,0.30000000000000004,1.4294882655860205e-06,8,2,COMPLETE
60,0.48006021002375726,2024-06-11 02:02:50.901493,2024-06-11 02:04:16.532154,0 days 00:01:25.630661,64,64,64,0.4,3.444539346326763e-06,4,2,COMPLETE
61,-0.45718056286193953,2024-06-11 02:04:16.533656,2024-06-11 02:07:08.324764,0 days 00:02:51.791108,64,128,32,0.2,1.2328104650381716e-06,8,2,COMPLETE
62,-0.2388641825033742,2024-06-11 02:07:08.326137,2024-06-11 02:09:32.601127,0 days 00:02:24.274990,64,128,32,0.2,1.2926765698401253e-06,8,2,COMPLETE
63,-0.06314209134768206,2024-06-11 02:09:32.602718,2024-06-11 02:10:25.179664,0 days 00:00:52.576946,64,128,32,0.1,7.794181267271608e-06,2,2,COMPLETE
64,0.4626631428400202,2024-06-11 02:10:25.181203,2024-06-11 02:11:24.552899,0 days 00:00:59.371696,64,128,32,0.2,0.0005574461786535991,4,2,COMPLETE
65,-0.08576551628543398,2024-06-11 02:11:24.554379,2024-06-11 02:14:43.275973,0 days 00:03:18.721594,64,128,32,0.2,1.0153760173910094e-06,8,2,COMPLETE
66,0.455617470574868,2024-06-11 02:14:43.277382,2024-06-11 02:15:42.816352,0 days 00:00:59.538970,64,256,32,0.30000000000000004,2.5390688702019093e-06,8,2,COMPLETE
67,-0.27484448652381455,2024-06-11 02:15:42.817887,2024-06-11 02:18:03.865619,0 days 00:02:21.047732,128,32,64,0.2,1.3711889123987496e-06,8,2,COMPLETE
68,0.0405128126310234,2024-06-11 02:18:03.867367,2024-06-11 02:18:38.184912,0 days 00:00:34.317545,256,128,128,0.30000000000000004,2.0334276591067913e-06,8,2,COMPLETE
69,0.382085272353202,2024-06-11 02:18:38.186294,2024-06-11 02:21:26.314801,0 days 00:02:48.128507,64,32,64,0.5,3.6952397779046265e-06,8,4,COMPLETE
70,-0.06117439238634399,2024-06-11 02:21:26.316216,2024-06-11 02:24:15.667130,0 days 00:02:49.350914,64,32,32,0.4,0.003032927744578132,8,4,COMPLETE
71,0.018329141518535853,2024-06-11 02:24:15.668730,2024-06-11 02:25:15.721199,0 days 00:01:00.052469,64,256,64,0.2,1.4314542960897194e-06,8,2,COMPLETE
72,0.010475574000713523,2024-06-11 02:25:15.722900,2024-06-11 02:28:30.247229,0 days 00:03:14.524329,128,64,64,0.30000000000000004,2.0308133085866716e-06,4,4,COMPLETE
73,0.4217978079188858,2024-06-11 02:28:30.249012,2024-06-11 02:30:48.648265,0 days 00:02:18.399253,64,32,256,0.30000000000000004,4.492181502714765e-06,8,4,COMPLETE
74,-0.312971463072095,2024-06-11 02:30:48.649593,2024-06-11 02:32:34.952030,0 days 00:01:46.302437,64,32,32,0.2,6.8378153562777965e-06,8,2,COMPLETE
75,-0.4438030074518603,2024-06-11 02:32:34.953336,2024-06-11 02:36:58.772037,0 days 00:04:23.818701,64,32,32,0.2,1.3611862032561407e-06,8,2,COMPLETE
76,-0.35853797641509816,2024-06-11 02:36:58.773364,2024-06-11 02:41:21.480163,0 days 00:04:22.706799,64,32,32,0.2,1.2643045848901842e-06,8,2,COMPLETE
77,0.30857972159674235,2024-06-11 02:41:21.481479,2024-06-11 02:45:45.363987,0 days 00:04:23.882508,64,32,32,0.2,1.266815409286875e-06,8,2,COMPLETE
78,-0.023344263426709526,2024-06-11 02:45:45.365299,2024-06-11 02:49:07.002455,0 days 00:03:21.637156,64,32,32,0.2,3.017389395692298e-06,8,2,COMPLETE
79,-0.22427122348781509,2024-06-11 02:49:07.003787,2024-06-11 02:50:33.415843,0 days 00:01:26.412056,64,256,32,0.2,1.3563761841634636e-06,8,2,COMPLETE
80,0.4233637298844784,2024-06-11 02:50:33.417172,2024-06-11 02:54:56.948724,0 days 00:04:23.531552,64,32,32,0.1,2.4036822548450168e-06,2,2,COMPLETE
81,0.4687015263278364,2024-06-11 02:54:56.950272,2024-06-11 02:57:41.990956,0 days 00:02:45.040684,32,128,32,0.2,2.5141437408491343e-05,8,2,COMPLETE
82,-0.06763946550724675,2024-06-11 02:57:41.992253,2024-06-11 03:02:07.280882,0 days 00:04:25.288629,64,32,32,0.1,1.2080735675634254e-06,4,2,COMPLETE
83,0.1254401085013975,2024-06-11 03:02:07.282388,2024-06-11 03:06:30.712174,0 days 00:04:23.429786,64,32,32,0.2,1.0210570385570816e-06,8,2,COMPLETE
84,0.4715150266056221,2024-06-11 03:06:30.713421,2024-06-11 03:08:15.081087,0 days 00:01:44.367666,64,256,128,0.2,5.992618171750288e-05,8,4,COMPLETE
85,0.2075583719185124,2024-06-11 03:08:15.082685,2024-06-11 03:09:01.160876,0 days 00:00:46.078191,64,32,32,0.2,0.00010987956673110624,8,2,COMPLETE
86,0.04125054060632148,2024-06-11 03:09:01.162156,2024-06-11 03:13:22.702292,0 days 00:04:21.540136,64,32,32,0.2,1.9095297789506805e-06,8,2,COMPLETE
87,0.27540103695537593,2024-06-11 03:13:22.703798,2024-06-11 03:15:08.003257,0 days 00:01:45.299459,64,32,32,0.2,1.13358693518281e-05,8,2,COMPLETE
88,-0.1898662931128819,2024-06-11 03:15:08.004568,2024-06-11 03:16:59.907215,0 days 00:01:51.902647,64,32,32,0.2,5.146906808411121e-06,8,2,COMPLETE
89,-0.457435786293819,2024-06-11 03:16:59.908482,2024-06-11 03:18:18.307072,0 days 00:01:18.398590,256,32,32,0.2,7.0744995435368346e-06,8,2,COMPLETE
90,-0.30505638708185384,2024-06-11 03:18:18.308143,2024-06-11 03:19:37.087598,0 days 00:01:18.779455,256,32,32,0.30000000000000004,1.6127638497227284e-06,8,2,COMPLETE
91,-0.29233086417323756,2024-06-11 03:19:37.088869,2024-06-11 03:20:55.053549,0 days 00:01:17.964680,256,32,256,0.2,3.2169303786086575e-06,4,2,COMPLETE
92,-0.29936719322670796,2024-06-11 03:20:55.054632,2024-06-11 03:22:57.772470,0 days 00:02:02.717838,256,64,32,0.30000000000000004,2.176492540949221e-06,8,4,COMPLETE
93,-0.0755406525082696,2024-06-11 03:22:57.774086,2024-06-11 03:23:35.828548,0 days 00:00:38.054462,256,32,64,0.2,1.586855803073241e-05,8,2,COMPLETE
94,0.40717152111425614,2024-06-11 03:23:35.829995,2024-06-11 03:28:19.562530,0 days 00:04:43.732535,32,128,32,0.1,4.0667230731862e-06,2,4,COMPLETE
95,-0.391988613291989,2024-06-11 03:28:19.563815,2024-06-11 03:29:51.504660,0 days 00:01:31.940845,64,32,32,0.2,7.1800119694191885e-06,8,2,COMPLETE
96,-0.2588807827691004,2024-06-11 03:29:51.506103,2024-06-11 03:34:15.388347,0 days 00:04:23.882244,64,32,32,0.2,1.5528494842041145e-06,8,2,COMPLETE
97,-0.16687843197731614,2024-06-11 03:34:15.389830,2024-06-11 03:38:11.864155,0 days 00:03:56.474325,64,32,32,0.2,2.5769651319055577e-06,8,2,COMPLETE
98,-0.16653754821310632,2024-06-d 03:38:11.865378,2024-06-11 03:39:31.265862,0 days 00:01:19.400484,256,32,32,0.2,1.001003542598979e-06,8,2,COMPLETE
99,0.35963595552309885,2024-06-11 03:39:31.267440,2024-06-11 03:40:30.576445,0 days 00:00:59.309005,64,32,64,0.2,3.3420842142684874e-05,8,2,COMPLETE
