number,value,datetime_start,datetime_complete,duration,params_batch_size,params_d_hid,params_d_model,params_dropout,params_ff_size,params_lr,params_nhead,params_nlayers,state
0,,2024-06-22 12:58:00.445953,2024-06-22 13:04:04.305519,0 days 00:06:03.859566,32,128,32,0.4,32,0.008849083584125927,8,3,FAIL
1,0.002285133103887451,2024-06-22 13:04:04.306550,2024-06-22 13:06:34.701283,0 days 00:02:30.394733,32,128,256,0.5,64,0.0006329924250366574,2,4,COMPLETE
2,0.4982678207554539,2024-06-22 13:06:34.702847,2024-06-22 13:10:19.084865,0 days 00:03:44.382018,64,32,32,0.4,128,1.17791841108381e-05,2,2,COMPLETE
3,0.29878167153539076,2024-06-22 13:10:19.086647,2024-06-22 13:11:23.135974,0 days 00:01:04.049327,64,32,128,0.1,128,0.005931391545008822,2,3,COMPLETE
4,0.829158431144336,2024-06-22 13:11:23.137660,2024-06-22 13:13:10.347326,0 days 00:01:47.209666,64,32,128,0.2,64,0.000897211222056889,8,3,COMPLETE
5,0.731405151459301,2024-06-22 13:13:10.348667,2024-06-22 13:14:52.491763,0 days 00:01:42.143096,256,32,64,0.4,32,0.0002858732824528291,8,4,COMPLETE
6,0.8105725102961728,2024-06-22 13:14:52.493129,2024-06-22 13:15:47.249115,0 days 00:00:54.755986,256,256,256,0.30000000000000004,256,0.00045813015073032666,8,3,COMPLETE
7,0.5045779929881573,2024-06-22 13:15:47.250920,2024-06-22 13:16:21.180119,0 days 00:00:33.929199,256,128,32,0.2,256,7.150636690983031e-05,2,3,COMPLETE
8,0.7670451944353797,2024-06-22 13:16:21.181767,2024-06-22 13:28:57.366825,0 days 00:12:36.185058,32,64,32,0.4,32,0.0003307162125691935,4,4,COMPLETE
9,,2024-06-22 13:28:57.368197,2024-06-22 13:32:31.849263,0 days 00:03:34.481066,64,64,128,0.1,128,0.0065234031904247754,8,4,FAIL
10,0.814479621752978,2024-06-22 13:32:31.850243,2024-06-22 13:33:44.040554,0 days 00:01:12.190311,128,256,128,0.30000000000000004,128,0.0006458751649875543,8,2,COMPLETE
11,0.6745264940692179,2024-06-22 13:33:44.042138,2024-06-22 13:43:39.059391,0 days 00:09:55.017253,32,256,64,0.1,256,9.773302208950076e-06,4,3,COMPLETE
12,0.4903314024098439,2024-06-22 13:43:39.060701,2024-06-22 13:44:14.707480,0 days 00:00:35.646779,64,64,128,0.2,64,1.2229285040583979e-06,8,2,COMPLETE
13,0.5391980740014012,2024-06-22 13:44:14.708770,2024-06-22 13:44:50.199856,0 days 00:00:35.491086,128,256,128,0.2,128,0.004498438543157477,8,2,COMPLETE
14,0.7045828484052161,2024-06-22 13:44:50.201459,2024-06-22 13:45:38.452448,0 days 00:00:48.250989,128,32,128,0.30000000000000004,64,0.0020935938130294944,8,2,COMPLETE
15,0.7949547049941998,2024-06-22 13:45:38.453890,2024-06-22 13:47:35.136069,0 days 00:01:56.682179,128,256,128,0.2,64,6.887404848939728e-05,8,2,COMPLETE
16,0.7250578083367143,2024-06-22 13:47:35.137721,2024-06-22 13:48:59.588062,0 days 00:01:24.450341,64,256,128,0.30000000000000004,128,0.001435947455482075,8,3,COMPLETE
17,0.8456656588249089,2024-06-22 13:48:59.589690,2024-06-22 13:51:08.000176,0 days 00:02:08.410486,128,32,128,0.1,64,0.0014875884664684565,4,3,COMPLETE
18,,2024-06-22 13:51:08.001713,2024-06-22 13:52:40.117040,0 days 00:01:32.115327,64,32,128,0.1,64,0.007435478846748515,4,3,FAIL
19,0.5430661444318035,2024-06-22 13:52:40.118344,2024-06-22 13:53:33.332731,0 days 00:00:53.214387,64,32,128,0.1,64,0.002058762302401509,4,3,COMPLETE
20,0.1227371240004797,2024-06-22 13:53:33.334062,2024-06-22 13:54:14.439927,0 days 00:00:41.105865,128,32,64,0.1,64,0.008601979990788152,4,4,COMPLETE
21,0.7798719134715565,2024-06-22 13:54:14.441518,2024-06-22 13:57:54.999624,0 days 00:03:40.558106,64,32,256,0.2,64,1.940978852446544e-05,4,3,COMPLETE
22,0.8393302225498066,2024-06-22 13:57:55.001078,2024-06-22 14:00:28.655142,0 days 00:02:33.654064,128,32,128,0.1,64,0.00015982178334018437,4,3,COMPLETE
23,0.8531259149841448,2024-06-22 14:00:28.656437,2024-06-22 14:03:23.500565,0 days 00:02:54.844128,128,128,128,0.1,32,0.0001216252073468329,4,4,COMPLETE
24,0.8537380016790259,2024-06-22 14:03:23.502270,2024-06-22 14:06:40.558176,0 days 00:03:17.055906,128,128,128,0.1,32,0.00013987710291279398,4,4,COMPLETE
25,0.8267208148086596,2024-06-22 14:06:40.559858,2024-06-22 14:09:35.028487,0 days 00:02:54.468629,128,128,128,0.1,32,3.114736744226832e-05,4,4,COMPLETE
26,0.8474801721355372,2024-06-22 14:09:35.030152,2024-06-22 14:12:09.692390,0 days 00:02:34.662238,128,128,128,0.1,32,0.00014162742836905262,4,4,COMPLETE
27,0.8539868754586647,2024-06-22 14:12:09.694147,2024-06-22 14:14:59.272219,0 days 00:02:49.578072,128,128,128,0.1,32,0.00014103123374206665,4,4,COMPLETE
28,0.5369421323307147,2024-06-22 14:14:59.273832,2024-06-22 14:15:51.191939,0 days 00:00:51.918107,128,128,128,0.2,32,3.8928244197055525e-05,4,4,COMPLETE
29,0.5260249174422442,2024-06-22 14:15:51.193515,2024-06-22 14:17:09.414057,0 days 00:01:18.220542,128,128,256,0.1,32,3.1080269482518403e-06,4,4,COMPLETE
30,0.5096150432429609,2024-06-22 14:17:09.415711,2024-06-22 14:17:40.171389,0 days 00:00:30.755678,128,128,64,0.5,32,0.00012947028001959103,4,4,COMPLETE
31,0.8211250967459353,2024-06-22 14:17:40.172800,2024-06-22 14:21:05.204221,0 days 00:03:25.031421,128,128,32,0.2,32,0.00019200586016136217,4,4,COMPLETE
32,0.8591870680805416,2024-06-22 14:21:05.205711,2024-06-22 14:33:10.801775,0 days 00:12:05.596064,32,128,256,0.1,32,5.056099348669353e-05,2,4,COMPLETE
33,0.8530467942694567,2024-06-22 14:33:10.804759,2024-06-22 14:42:23.815651,0 days 00:09:13.010892,32,128,256,0.1,32,4.176787337458438e-05,2,4,COMPLETE
34,0.862710086086347,2024-06-22 14:42:23.817202,2024-06-22 14:55:05.612189,0 days 00:12:41.794987,32,128,256,0.1,32,7.81546549849237e-05,2,4,COMPLETE
35,0.8215750876476596,2024-06-22 14:55:05.613789,2024-06-22 15:04:57.755569,0 days 00:09:52.141780,32,128,256,0.1,32,1.3486105601108791e-05,2,4,COMPLETE
36,0.8648755527285886,2024-06-22 15:04:57.756984,2024-06-22 15:17:37.735677,0 days 00:12:39.978693,32,128,256,0.1,32,6.72600665606788e-05,2,4,COMPLETE
37,0.7054098472083319,2024-06-22 15:17:37.737106,2024-06-22 15:30:19.783277,0 days 00:12:42.046171,32,128,256,0.2,32,5.7874216884572036e-06,2,4,COMPLETE
38,0.8557653412522251,2024-06-22 15:30:19.784642,2024-06-22 15:42:57.586566,0 days 00:12:37.801924,32,128,256,0.1,32,6.776100183444728e-05,2,4,COMPLETE
39,0.6208344122334709,2024-06-22 15:42:57.588370,2024-06-22 15:45:49.735515,0 days 00:02:52.147145,32,64,256,0.4,32,6.004176472467349e-05,2,4,COMPLETE
40,0.520282540499441,2024-06-22 15:45:49.736871,2024-06-22 15:50:54.663741,0 days 00:05:04.926870,32,128,256,0.5,256,1.577274239437511e-05,2,4,COMPLETE
41,0.8273538725366502,2024-06-22 15:50:54.665272,2024-06-22 16:02:22.295325,0 days 00:11:27.630053,32,128,256,0.2,32,3.079448783194627e-05,2,4,COMPLETE
42,0.8596061376065478,2024-06-22 16:02:22.296675,2024-06-22 16:11:35.763370,0 days 00:09:13.466695,32,128,256,0.1,32,7.091442560775163e-05,2,4,COMPLETE
43,0.7963740211481388,2024-06-22 16:11:35.764766,2024-06-22 16:17:17.364389,0 days 00:05:41.599623,32,64,256,0.2,32,0.00027841832254000334,2,4,COMPLETE
44,0.8590467315392871,2024-06-22 16:17:17.365767,2024-06-22 16:29:55.791657,0 days 00:12:38.425890,32,128,256,0.1,32,6.729851830985743e-05,2,4,COMPLETE
45,0.8491447103309706,2024-06-22 16:29:55.793030,2024-06-22 16:40:07.687306,0 days 00:10:11.894276,32,128,256,0.1,32,8.504369570431404e-05,2,4,COMPLETE
46,0.8362734351044547,2024-06-22 16:40:07.688698,2024-06-22 16:48:03.479430,0 days 00:07:55.790732,32,128,256,0.1,256,2.6955806367047403e-05,2,4,COMPLETE
47,0.8166674278699961,2024-06-22 16:48:03.480819,2024-06-22 16:49:15.493771,0 days 00:01:12.012952,256,128,256,0.1,32,4.688766222313912e-05,2,4,COMPLETE
48,0.5291952255116761,2024-06-22 16:49:15.495202,2024-06-22 16:51:48.163181,0 days 00:02:32.667979,32,128,256,0.1,128,0.0004281838335011483,2,4,COMPLETE
49,0.7802126173189591,2024-06-22 16:51:48.164587,2024-06-22 17:04:28.711258,0 days 00:12:40.546671,32,128,256,0.2,32,8.56498143344879e-06,2,4,COMPLETE
50,0.8264537981041644,2024-06-22 17:04:28.712849,2024-06-22 17:10:28.167559,0 days 00:05:59.454710,32,64,32,0.1,32,0.00024840396382898425,2,4,COMPLETE
51,0.5295769593513541,2024-06-22 17:10:28.169013,2024-06-22 17:11:43.723778,0 days 00:01:15.554765,256,128,256,0.4,128,2.0752318994622753e-05,2,3,COMPLETE
52,0.8212898478623959,2024-06-22 17:11:43.725144,2024-06-22 17:17:05.399404,0 days 00:05:21.674260,32,256,256,0.30000000000000004,256,9.813299874042946e-05,2,4,COMPLETE
53,0.8521582404411565,2024-06-22 17:17:05.400810,2024-06-22 17:25:42.057072,0 days 00:08:36.656262,32,128,64,0.1,32,0.0006316095634000848,2,3,COMPLETE
54,0.8566773851183693,2024-06-22 17:25:42.058753,2024-06-22 17:37:28.382607,0 days 00:11:46.323854,32,128,256,0.1,32,6.194016443815564e-05,2,4,COMPLETE
55,0.8539401643676536,2024-06-22 17:37:28.383977,2024-06-22 17:48:14.271517,0 days 00:10:45.887540,32,128,256,0.1,32,5.008009573227798e-05,2,4,COMPLETE
56,0.8402230884777864,2024-06-22 17:48:14.272931,2024-06-22 17:58:23.491053,0 days 00:10:09.218122,32,128,256,0.2,32,8.352127914872573e-05,2,4,COMPLETE
57,0.8244070875618134,2024-06-22 17:58:23.492447,2024-06-22 18:03:28.344450,0 days 00:05:04.852003,32,128,256,0.1,32,2.118442534047596e-05,2,4,COMPLETE
58,0.8597172827605777,2024-06-22 18:03:28.345788,2024-06-22 18:15:18.171330,0 days 00:11:49.825542,32,128,256,0.1,32,0.00021183773040663414,2,4,COMPLETE
59,0.858512670431482,2024-06-22 18:15:18.172746,2024-06-22 18:24:17.975500,0 days 00:08:59.802754,32,256,256,0.1,32,0.0002093898408486399,2,3,COMPLETE
60,0.8480081113662962,2024-06-22 18:24:17.977284,2024-06-22 18:30:47.180123,0 days 00:06:29.202839,64,128,32,0.1,128,0.00039607115030027956,2,4,COMPLETE
61,0.8201337738593439,2024-06-22 18:30:47.181898,2024-06-22 18:31:55.791844,0 days 00:01:08.609946,256,64,256,0.2,32,9.134195011391664e-05,8,4,COMPLETE
62,0.8495879738290507,2024-06-22 18:31:55.793466,2024-06-22 18:40:11.805221,0 days 00:08:16.011755,32,128,256,0.1,32,3.615398410404572e-05,2,4,COMPLETE
63,0.8469078065488163,2024-06-22 18:40:11.806540,2024-06-22 18:49:19.531496,0 days 00:09:07.724956,32,128,64,0.1,256,0.001026629368800259,2,3,COMPLETE
64,0.8577617901419151,2024-06-22 18:49:19.532818,2024-06-22 18:57:11.195475,0 days 00:07:51.662657,32,256,256,0.1,32,0.00020021272810245416,2,3,COMPLETE
65,0.8609073783829506,2024-06-22 18:57:11.196937,2024-06-22 19:06:47.442557,0 days 00:09:36.245620,32,256,256,0.1,32,0.00020856685026955846,2,3,COMPLETE
66,0.364287652910639,2024-06-22 19:06:47.443910,2024-06-22 19:08:13.631396,0 days 00:01:26.187486,32,256,256,0.1,32,0.0005640295441256477,2,3,COMPLETE
67,0.855192734284333,2024-06-22 19:08:13.632800,2024-06-22 19:15:53.799412,0 days 00:07:40.166612,32,256,256,0.1,32,0.00010341959789756137,2,3,COMPLETE
68,0.8566992116549392,2024-06-22 19:15:53.801020,2024-06-22 19:21:51.499176,0 days 00:05:57.698156,32,256,256,0.1,32,0.00033668118341318646,8,2,COMPLETE
69,0.8557037275690393,2024-06-22 19:21:51.500534,2024-06-22 19:26:13.935930,0 days 00:04:22.435396,64,32,256,0.1,32,0.00016752413612530382,2,4,COMPLETE
70,0.8260509560571248,2024-06-22 19:26:13.937562,2024-06-22 19:38:35.113588,0 days 00:12:21.176026,32,128,32,0.1,64,5.096896229880154e-05,2,4,COMPLETE
71,0.8393569521344775,2024-06-22 19:38:35.115061,2024-06-22 19:42:40.889968,0 days 00:04:05.774907,32,128,256,0.2,32,0.00011489128045474468,2,3,COMPLETE
72,0.8536981565070051,2024-06-22 19:42:40.891344,2024-06-22 19:54:58.343311,0 days 00:12:17.451967,32,256,256,0.1,32,2.6063160906474235e-05,2,4,COMPLETE
73,0.7049919377674925,2024-06-22 19:54:58.344678,2024-06-22 19:56:12.407869,0 days 00:01:14.063191,256,128,64,0.2,32,6.938418189681014e-05,2,2,COMPLETE
74,0.8580535539613054,2024-06-22 19:56:12.409474,2024-06-22 20:05:48.355580,0 days 00:09:35.946106,32,256,256,0.1,32,0.00025388959141484275,2,3,COMPLETE
75,0.8492376665293672,2024-06-22 20:05:48.357288,2024-06-22 20:12:44.194617,0 days 00:06:55.837329,32,256,256,0.1,32,0.00020872988691312885,2,3,COMPLETE
76,0.8534739643868197,2024-06-22 20:12:44.196523,2024-06-22 20:19:40.186825,0 days 00:06:55.990302,32,256,256,0.1,32,0.00013807748611465356,2,3,COMPLETE
77,0.8615851368084061,2024-06-22 20:19:40.188304,2024-06-22 20:27:50.512561,0 days 00:08:10.324257,32,256,256,0.1,32,0.00019586996261673878,2,3,COMPLETE
78,0.8414643982894742,2024-06-22 20:27:50.514118,2024-06-22 20:34:22.794015,0 days 00:06:32.279897,32,32,256,0.1,32,5.862998831495657e-05,2,3,COMPLETE
79,0.8240128767100818,2024-06-22 20:34:22.795824,2024-06-22 20:39:20.637332,0 days 00:04:57.841508,32,128,256,0.30000000000000004,32,7.623713861729753e-05,8,4,COMPLETE
80,0.8418740738191454,2024-06-22 20:39:20.638805,2024-06-22 20:51:37.886695,0 days 00:12:17.247890,32,256,256,0.1,128,0.00034866843524113247,2,4,COMPLETE
81,0.85166542182491,2024-06-22 20:51:37.888156,2024-06-22 20:56:28.484071,0 days 00:04:50.595915,64,128,256,0.1,64,0.00010847839608456715,2,3,COMPLETE
82,0.33649715712946965,2024-06-22 20:56:28.485696,2024-06-22 20:58:20.351755,0 days 00:01:51.866059,32,64,256,0.1,32,0.0008751028260557714,2,4,COMPLETE
83,0.8114705571731908,2024-06-22 20:58:20.353188,2024-06-22 21:10:35.612219,0 days 00:12:15.259031,32,128,32,0.1,32,3.706853767583013e-05,2,4,COMPLETE
84,0.853873122814086,2024-06-22 21:10:35.613623,2024-06-22 21:20:10.926393,0 days 00:09:35.312770,32,256,256,0.1,32,0.0001716535442814496,2,3,COMPLETE
85,0.8149758715604122,2024-06-22 21:20:10.927793,2024-06-22 21:29:47.591709,0 days 00:09:36.663916,32,256,256,0.1,32,0.0004849454553376937,2,3,COMPLETE
86,0.8560529548244615,2024-06-22 21:29:47.593162,2024-06-22 21:41:34.890186,0 days 00:11:47.297024,32,256,256,0.1,32,0.00022852882852084295,2,4,COMPLETE
87,0.8570295732012524,2024-06-22 21:41:34.891794,2024-06-22 21:48:38.487320,0 days 00:07:03.595526,32,256,256,0.1,32,0.0002914556990310098,2,2,COMPLETE
88,0.8571607243339359,2024-06-22 21:48:38.488767,2024-06-22 21:57:57.468694,0 days 00:09:18.979927,32,256,256,0.1,256,0.00014632531528733348,2,3,COMPLETE
89,0.8565650799066551,2024-06-22 21:57:57.470119,2024-06-22 22:06:49.331342,0 days 00:08:51.861223,32,128,256,0.1,32,0.00011838063491249976,2,4,COMPLETE
90,0.8615974144331849,2024-06-22 22:06:49.332738,2024-06-22 22:17:17.901462,0 days 00:10:28.568724,32,128,256,0.1,32,8.353056856678619e-05,2,4,COMPLETE
91,0.8385827181040052,2024-06-22 22:17:17.902848,2024-06-22 22:19:17.244201,0 days 00:01:59.341353,256,128,256,0.1,32,4.562671337140933e-05,2,4,COMPLETE
92,0.8171919660589239,2024-06-22 22:19:17.245838,2024-06-22 22:24:52.664457,0 days 00:05:35.418619,32,128,64,0.2,32,9.159621930876807e-05,8,4,COMPLETE
93,0.8464999677704254,2024-06-22 22:24:52.666434,2024-06-22 22:34:35.227890,0 days 00:09:42.561456,32,128,256,0.2,32,6.0525339742105285e-05,2,4,COMPLETE
94,0.860322267728413,2024-06-22 22:34:35.229333,2024-06-22 22:44:51.079812,0 days 00:10:15.850479,32,128,256,0.1,32,7.987121228369458e-05,2,4,COMPLETE
95,0.8550810170970132,2024-06-22 22:44:51.081319,2024-06-22 22:54:10.775383,0 days 00:09:19.694064,32,128,256,0.1,32,7.113527455292498e-05,2,4,COMPLETE
96,0.5386716378758577,2024-06-22 22:54:10.776745,2024-06-22 23:03:28.287554,0 days 00:09:17.510809,32,128,256,0.1,32,1.3350079855009757e-06,2,4,COMPLETE
97,0.5853684767963555,2024-06-22 23:03:28.289034,2024-06-22 23:08:24.961813,0 days 00:04:56.672779,32,128,256,0.4,32,2.8953075938097463e-05,2,4,COMPLETE
98,0.8505900818537041,2024-06-22 23:08:24.963192,2024-06-22 23:19:16.025988,0 days 00:10:51.062796,32,128,256,0.1,128,5.181641961007808e-05,2,4,COMPLETE
99,0.8555594610778273,2024-06-22 23:19:16.027400,2024-06-22 23:30:48.160444,0 days 00:11:32.133044,32,128,256,0.1,32,0.00016884671744680303,2,4,COMPLETE
