number,value,datetime_start,datetime_complete,duration,params_batch_size,params_d_hid,params_d_model,params_dropout,params_lr,params_nhead,params_nlayers,state
0,0.8194261615112584,2024-06-11 11:46:05.659763,2024-06-11 11:59:19.196277,0 days 00:13:13.536514,32,256,32,0.2,7.931736726534899e-05,4,4,COMPLETE
1,0.4846970518198268,2024-06-11 11:59:19.197975,2024-06-11 12:00:30.203922,0 days 00:01:11.005947,32,64,128,0.2,0.0012557216543678783,2,2,COMPLETE
2,0.5724624199478933,2024-06-11 12:00:30.205241,2024-06-11 12:02:51.597466,0 days 00:02:21.392225,32,64,64,0.5,0.000365714114761732,4,2,COMPLETE
3,0.510454724137061,2024-06-11 12:02:51.598713,2024-06-11 12:03:21.140261,0 days 00:00:29.541548,256,256,256,0.30000000000000004,1.2465954693546176e-05,8,3,COMPLETE
4,0.5010778503867642,2024-06-11 12:03:21.141751,2024-06-11 12:04:20.284688,0 days 00:00:59.142937,256,64,64,0.1,7.334346568034102e-06,4,3,COMPLETE
5,0.44311319626980517,2024-06-11 12:04:20.285948,2024-06-11 12:05:41.494241,0 days 00:01:21.208293,64,64,32,0.30000000000000004,3.485581200974097e-06,2,4,COMPLETE
6,0.666006614862293,2024-06-11 12:05:41.495870,2024-06-11 12:10:37.392388,0 days 00:04:55.896518,32,64,128,0.2,5.5468862705973064e-05,2,2,COMPLETE
7,0.5171363056015936,2024-06-11 12:10:37.393681,2024-06-11 12:11:23.886985,0 days 00:00:46.493304,256,256,128,0.2,1.1408106894163429e-05,8,3,COMPLETE
8,0.8416178566481164,2024-06-11 12:11:23.888464,2024-06-11 12:13:00.747077,0 days 00:01:36.858613,256,64,64,0.1,0.003342265807610666,2,3,COMPLETE
9,0.8289589491046189,2024-06-11 12:13:00.748299,2024-06-11 12:14:40.772008,0 days 00:01:40.023709,128,128,256,0.1,4.8427742213013355e-05,8,3,COMPLETE
10,0.075933371379535,2024-06-11 12:14:40.773515,2024-06-11 12:16:10.596494,0 days 00:01:29.822979,128,32,64,0.5,0.006146840834333729,2,4,COMPLETE
11,0.22263514668952772,2024-06-11 12:16:10.597939,2024-06-11 12:16:40.492489,0 days 00:00:29.894550,128,128,256,0.1,0.009787731075757602,8,3,COMPLETE
12,0.8584796595689614,2024-06-11 12:16:40.494057,2024-06-11 12:19:00.016867,0 days 00:02:19.522810,128,128,256,0.1,0.0005304664390591041,8,3,COMPLETE
13,0.32469086899677496,2024-06-11 12:19:00.018466,2024-06-11 12:20:04.918111,0 days 00:01:04.899645,64,128,256,0.4,0.0011130837294499683,8,3,COMPLETE
14,0.8256533612448794,2024-06-11 12:20:04.919409,2024-06-11 12:21:11.939710,0 days 00:01:07.020301,256,32,64,0.1,0.0005258741769863617,2,2,COMPLETE
15,0.4635883036921127,2024-06-11 12:21:11.940910,2024-06-11 12:21:46.174424,0 days 00:00:34.233514,128,128,256,0.1,0.0029110739802948103,8,3,COMPLETE
16,0.537519612621555,2024-06-11 12:21:46.176208,2024-06-11 12:22:25.419213,0 days 00:00:39.243005,256,128,64,0.4,0.00027803515671243956,2,4,COMPLETE
17,0.8069373440333394,2024-06-11 12:22:25.420594,2024-06-11 12:23:37.473711,0 days 00:01:12.053117,128,32,32,0.2,0.00217862740894535,8,3,COMPLETE
18,0.7998742843591572,2024-06-11 12:23:37.475343,2024-06-11 12:28:09.468681,0 days 00:04:31.993338,64,64,64,0.30000000000000004,0.00016744401259707938,2,4,COMPLETE
19,0.5109826190614953,2024-06-11 12:28:09.470072,2024-06-11 12:28:54.536223,0 days 00:00:45.066151,256,128,256,0.1,1.3251630904199413e-06,4,2,COMPLETE
20,0.7069945664306428,2024-06-11 12:28:54.537674,2024-06-11 12:29:37.789284,0 days 00:00:43.251610,128,128,256,0.4,0.0008311578532427663,8,3,COMPLETE
21,0.8315169700006944,2024-06-11 12:29:37.790934,2024-06-11 12:31:30.101681,0 days 00:01:52.310747,128,128,256,0.1,4.562822791900442e-05,8,3,COMPLETE
22,0.8404007718782598,2024-06-11 12:31:30.103418,2024-06-11 12:32:42.129391,0 days 00:01:12.025973,128,128,256,0.1,0.00015170804132033286,8,3,COMPLETE
23,0.4082959211500925,2024-06-11 12:32:42.136613,2024-06-11 12:33:12.428576,0 days 00:00:30.291963,128,128,256,0.2,0.0027534746020373485,8,3,COMPLETE
24,0.8558337801215834,2024-06-11 12:33:12.430258,2024-06-11 12:36:04.307824,0 days 00:02:51.877566,128,128,256,0.1,0.0001562914635349933,8,3,COMPLETE
25,0.8196252894229326,2024-06-11 12:36:04.313503,2024-06-11 12:37:33.489549,0 days 00:01:29.176046,128,64,64,0.2,0.000571505073690934,2,3,COMPLETE
26,0.6973793336148841,2024-06-11 12:37:33.491359,2024-06-11 12:38:17.263301,0 days 00:00:43.771942,256,256,128,0.1,0.004888075911197126,8,2,COMPLETE
27,0.5001987950383029,2024-06-11 12:38:17.264487,2024-06-11 12:42:49.195337,0 days 00:04:31.930850,64,32,32,0.2,2.2749059329498517e-05,8,4,COMPLETE
28,0.859608542184736,2024-06-11 12:42:49.197108,2024-06-11 12:45:38.347796,0 days 00:02:49.150688,128,128,256,0.1,0.00017235312919499748,4,3,COMPLETE
29,0.8385830063691688,2024-06-11 12:45:38.349254,2024-06-11 12:48:11.560598,0 days 00:02:33.211344,128,128,256,0.2,0.00010863540873084739,4,4,COMPLETE
30,0.8548399663529538,2024-06-11 12:48:11.562153,2024-06-11 12:49:42.760691,0 days 00:01:31.198538,128,128,256,0.1,0.00024142697030921328,4,3,COMPLETE
31,0.8447659029076892,2024-06-11 12:49:42.762243,2024-06-11 12:51:51.103847,0 days 00:02:08.341604,128,128,256,0.1,0.0002306818598981507,4,3,COMPLETE
32,0.8409704025282999,2024-06-11 12:51:51.105149,2024-06-11 12:53:51.172547,0 days 00:02:00.067398,128,128,256,0.1,9.645257887897009e-05,4,3,COMPLETE
33,0.8257057143774439,2024-06-11 12:53:51.174132,2024-06-11 13:00:56.204766,0 days 00:07:05.030634,32,128,256,0.2,0.0003203770799154737,4,3,COMPLETE
34,0.8557139104243459,2024-06-11 13:00:56.236019,2024-06-11 13:03:11.596966,0 days 00:02:15.360947,128,128,256,0.1,0.0006459115491040017,4,3,COMPLETE
35,0.8392293354690137,2024-06-11 13:03:11.598804,2024-06-11 13:05:18.554210,0 days 00:02:06.955406,128,256,256,0.1,0.0012984852045188362,4,2,COMPLETE
36,0.4667820810523391,2024-06-11 13:05:18.555426,2024-06-11 13:07:22.311920,0 days 00:02:03.756494,32,128,256,0.2,0.0005560157968777571,4,3,COMPLETE
37,0.5038324099363559,2024-06-11 13:07:22.313336,2024-06-11 13:09:05.800164,0 days 00:01:43.486828,128,128,32,0.30000000000000004,2.8865330051524565e-05,4,2,COMPLETE
38,0.8457794025235669,2024-06-11 13:09:05.801701,2024-06-11 13:11:59.028921,0 days 00:02:53.227220,128,128,128,0.1,0.0014838197157940542,4,3,COMPLETE
39,0.4933873334420292,2024-06-11 13:11:59.030720,2024-06-11 13:14:57.436103,0 days 00:02:58.405383,32,256,256,0.30000000000000004,0.0004278604796753228,4,4,COMPLETE
40,0.8317583576345328,2024-06-11 13:14:57.437359,2024-06-11 13:16:58.373499,0 days 00:02:00.936140,128,128,256,0.1,7.071681551485823e-05,4,3,COMPLETE
41,0.8561799381689695,2024-06-11 13:16:58.377802,2024-06-11 13:20:11.169919,0 days 00:03:12.792117,128,128,256,0.1,0.00019226999618072524,4,3,COMPLETE
42,0.8511545928695708,2024-06-11 13:20:11.171583,2024-06-11 13:22:12.513865,0 days 00:02:01.342282,128,128,256,0.1,0.00015174188455617732,4,3,COMPLETE
43,0.8427306155170581,2024-06-11 13:22:12.515900,2024-06-11 13:24:50.432946,0 days 00:02:37.917046,128,128,256,0.1,0.0008664865734875317,4,3,COMPLETE
44,0.8279083860241385,2024-06-11 13:24:50.434624,2024-06-11 13:26:28.636833,0 days 00:01:38.202209,128,128,256,0.2,0.00011761291094929153,4,3,COMPLETE
45,0.8456376512396399,2024-06-11 13:26:28.638444,2024-06-11 13:27:57.658733,0 days 00:01:29.020289,128,128,128,0.1,0.0001974536826956258,8,3,COMPLETE
46,0.8352952049684701,2024-06-11 13:27:57.660490,2024-06-11 13:31:24.856587,0 days 00:03:27.196097,64,32,256,0.1,0.00041491734199773845,4,3,COMPLETE
47,0.779861431005183,2024-06-11 13:31:24.858060,2024-06-11 13:34:22.694722,0 days 00:02:57.836662,128,128,32,0.1,7.151909841183469e-05,8,3,COMPLETE
48,0.8113707848422854,2024-06-11 13:34:22.696392,2024-06-11 13:35:55.191918,0 days 00:01:32.495526,128,64,256,0.2,0.0007696299796589608,8,3,COMPLETE
49,0.5157417108659312,2024-06-11 13:35:55.193270,2024-06-11 13:37:31.600020,0 days 00:01:36.406750,32,256,256,0.5,3.411430805888092e-05,4,3,COMPLETE
50,0.4889144369464817,2024-06-11 13:37:31.601420,2024-06-11 13:38:17.138145,0 days 00:00:45.536725,128,128,256,0.2,0.0016982571440038866,8,3,COMPLETE
51,0.8587301269723455,2024-06-11 13:38:17.139753,2024-06-11 13:40:40.180342,0 days 00:02:23.040589,128,128,256,0.1,0.00031116153717249617,4,3,COMPLETE
52,0.858861828532374,2024-06-11 13:40:40.181753,2024-06-11 13:43:15.533377,0 days 00:02:35.351624,128,128,256,0.1,0.0003502186792635669,4,3,COMPLETE
53,0.8567129211374613,2024-06-11 13:43:15.534772,2024-06-11 13:46:38.246373,0 days 00:03:22.711601,128,128,256,0.1,0.0003209785922565944,4,3,COMPLETE
54,0.8582962327588333,2024-06-11 13:46:38.248014,2024-06-11 13:49:17.441484,0 days 00:02:39.193470,128,128,256,0.1,0.0003007356661869437,4,3,COMPLETE
55,0.8567243135381973,2024-06-11 13:49:17.443177,2024-06-11 13:54:36.525036,0 days 00:05:19.081859,64,128,256,0.1,0.000416142282109954,4,3,COMPLETE
56,0.8454675925277693,2024-06-11 13:54:36.526736,2024-06-11 13:56:49.602413,0 days 00:02:13.075677,64,128,128,0.1,0.00037054803495275895,4,3,COMPLETE
57,0.8374868023991316,2024-06-11 13:56:49.604156,2024-06-11 14:01:15.700598,0 days 00:04:26.096442,64,32,256,0.1,0.0004663129284262424,4,3,COMPLETE
58,0.7841481817319941,2024-06-11 14:01:15.701935,2024-06-11 14:03:55.795841,0 days 00:02:40.093906,64,64,64,0.4,0.0007626087130171778,4,3,COMPLETE
59,0.5519103745530425,2024-06-11 14:03:55.797183,2024-06-11 14:04:44.756027,0 days 00:00:48.958844,64,128,256,0.1,0.0011046208883947405,2,2,COMPLETE
60,0.8090413971029845,2024-06-11 14:04:44.757398,2024-06-11 14:06:21.272819,0 days 00:01:36.515421,256,128,32,0.2,0.00028289758932007494,4,3,COMPLETE
61,0.8560486475556717,2024-06-11 14:06:21.274374,2024-06-11 14:08:53.352457,0 days 00:02:32.078083,128,128,256,0.1,0.0003321726466117546,4,3,COMPLETE
62,0.8282605690724205,2024-06-11 14:08:53.354012,2024-06-11 14:09:48.984037,0 days 00:00:55.630025,128,128,256,0.1,0.0001269286193971207,4,3,COMPLETE
63,0.848730556289908,2024-06-11 14:09:48.985742,2024-06-11 14:13:25.649386,0 days 00:03:36.663644,64,128,256,0.1,0.0002443069838212823,4,3,COMPLETE
64,0.8595075539961937,2024-06-11 14:13:25.650972,2024-06-11 14:16:39.824282,0 days 00:03:14.173310,128,128,256,0.1,0.0005215766571655402,4,3,COMPLETE
65,0.6014132109072057,2024-06-11 14:16:39.825769,2024-06-11 14:17:40.259988,0 days 00:01:00.434219,128,128,256,0.1,0.0009421182570275598,4,3,COMPLETE
66,0.8531160126894717,2024-06-11 14:17:40.261351,2024-06-11 14:20:58.901902,0 days 00:03:18.640551,128,128,256,0.1,0.0005968341918337909,4,3,COMPLETE
67,0.5121884946520094,2024-06-11 14:20:58.903824,2024-06-11 14:21:27.561646,0 days 00:00:28.657822,256,128,256,0.1,0.0022385390684458795,2,3,COMPLETE
68,0.815301142588416,2024-06-11 14:21:27.562717,2024-06-11 14:22:55.463812,0 days 00:01:27.901095,128,32,64,0.1,0.00018807753309689113,4,3,COMPLETE
69,0.7907444091183085,2024-06-11 14:22:55.465112,2024-06-11 14:25:42.276346,0 days 00:02:46.811234,64,128,256,0.2,0.0004943978274738359,4,3,COMPLETE
70,0.5988775476355938,2024-06-11 14:25:42.277688,2024-06-11 14:30:05.600077,0 days 00:04:23.322389,128,256,256,0.1,4.003434886225125e-06,4,4,COMPLETE
71,0.8597056530925876,2024-06-11 14:30:05.601558,2024-06-11 14:33:47.604437,0 days 00:03:42.002879,128,128,256,0.1,0.00031201017325279497,4,3,COMPLETE
72,0.8382717677594862,2024-06-11 14:33:47.605778,2024-06-11 14:37:12.881116,0 days 00:03:25.275338,128,128,256,0.1,9.490855732789027e-05,4,3,COMPLETE
73,0.860362373343987,2024-06-11 14:37:12.882505,2024-06-11 14:41:08.255934,0 days 00:03:55.373429,128,128,256,0.1,0.00023564573091622,4,3,COMPLETE
74,0.8535215431855793,2024-06-11 14:41:08.257451,2024-06-11 14:43:49.069321,0 days 00:02:40.811870,128,128,256,0.1,0.0002484791615700353,4,3,COMPLETE
75,0.8431661991817523,2024-06-11 14:43:49.071187,2024-06-11 14:47:43.473146,0 days 00:03:54.401959,128,128,256,0.1,0.0006693666574651065,4,3,COMPLETE
76,0.8287640927119563,2024-06-11 14:47:43.474656,2024-06-11 14:51:00.468939,0 days 00:03:16.994283,128,64,128,0.2,0.00013735966802608032,4,3,COMPLETE
77,0.8419899944754219,2024-06-11 14:51:00.470597,2024-06-11 14:53:16.988074,0 days 00:02:16.517477,128,128,256,0.1,0.00021295193754882142,2,3,COMPLETE
78,0.7565800950595291,2024-06-11 14:53:16.989637,2024-06-11 14:56:34.528831,0 days 00:03:17.539194,128,128,32,0.1,5.829956893451526e-05,4,3,COMPLETE
79,0.8593598688447839,2024-06-11 14:56:34.530436,2024-06-11 14:59:16.520944,0 days 00:02:41.990508,128,128,256,0.1,0.0002934979237052621,4,3,COMPLETE
80,0.8590091799766034,2024-06-11 14:59:16.522350,2024-06-11 15:10:20.233976,0 days 00:11:03.711626,32,128,256,0.1,0.00015912347696970378,4,3,COMPLETE
81,0.8611761899577273,2024-06-11 15:10:20.235909,2024-06-11 15:21:03.980377,0 days 00:10:43.744468,32,128,256,0.1,0.00016646683008736168,4,3,COMPLETE
82,0.8559471701259511,2024-06-11 15:21:03.981882,2024-06-11 15:28:31.037807,0 days 00:07:27.055925,32,128,256,0.1,9.55087359516501e-05,4,3,COMPLETE
83,0.8565531178933652,2024-06-11 15:28:31.039544,2024-06-11 15:37:43.248358,0 days 00:09:12.208814,32,128,256,0.1,0.00016385209519328807,4,3,COMPLETE
84,0.8407928652211158,2024-06-11 15:37:43.249722,2024-06-11 15:41:18.956785,0 days 00:03:35.707063,32,128,256,0.1,8.58530745310576e-05,4,3,COMPLETE
85,0.8560243441459899,2024-06-11 15:41:18.958099,2024-06-11 15:51:05.455853,0 days 00:09:46.497754,32,128,256,0.1,0.00011983999090693882,4,3,COMPLETE
86,0.8366970765701057,2024-06-11 15:51:05.457187,2024-06-11 16:01:20.207764,0 days 00:10:14.750577,32,128,256,0.1,0.00035463525881168113,4,3,COMPLETE
87,0.8443267726583348,2024-06-11 16:01:20.209900,2024-06-11 16:08:14.249833,0 days 00:06:54.039933,32,128,64,0.1,0.0002098168224744446,4,3,COMPLETE
88,0.861782272845186,2024-06-11 16:08:14.251169,2024-06-11 16:16:37.851869,0 days 00:08:23.600700,32,256,256,0.1,0.0001672793825751788,4,3,COMPLETE
89,0.7213398968810023,2024-06-11 16:16:37.853197,2024-06-11 16:20:55.756834,0 days 00:04:17.903637,32,256,256,0.4,6.228563181370817e-05,4,3,COMPLETE
90,0.8398612953394334,2024-06-11 16:20:55.758327,2024-06-11 16:26:45.817747,0 days 00:05:50.059420,32,256,256,0.1,4.924554089255258e-05,4,3,COMPLETE
91,0.8578638855758334,2024-06-11 16:26:45.819713,2024-06-11 16:36:54.777801,0 days 00:10:08.958088,32,256,256,0.1,0.00026195577917274604,4,3,COMPLETE
92,0.8596660149093486,2024-06-11 16:36:54.779271,2024-06-11 16:47:05.135051,0 days 00:10:10.355780,32,256,256,0.1,0.00014633159746015126,4,3,COMPLETE
93,0.8315610899984813,2024-06-11 16:47:05.136407,2024-06-11 16:52:11.135979,0 days 00:05:05.999572,32,256,256,0.30000000000000004,0.00015515462971031057,4,3,COMPLETE
94,0.8620528596382272,2024-06-11 16:52:11.137335,2024-06-11 17:02:21.719674,0 days 00:10:10.582339,32,256,256,0.1,0.0001801690478992391,4,3,COMPLETE
95,0.858790723713283,2024-06-11 17:02:21.720968,2024-06-11 17:10:44.163278,0 days 00:08:22.442310,32,256,256,0.1,0.00018060350859682169,4,3,COMPLETE
96,0.8535624499075477,2024-06-11 17:10:44.164655,2024-06-11 17:18:50.086381,0 days 00:08:05.921726,32,256,256,0.1,7.66407777629169e-05,4,3,COMPLETE
97,0.840712230999518,2024-06-11 17:18:50.087830,2024-06-11 17:24:17.187886,0 days 00:05:27.100056,32,256,128,0.1,0.00011822458624515332,4,3,COMPLETE
98,0.8392108082584989,2024-06-11 17:24:17.189223,2024-06-11 17:30:39.231617,0 days 00:06:22.042394,32,256,256,0.2,0.00013443594727856207,4,3,COMPLETE
99,0.8606232935255876,2024-06-11 17:30:39.232995,2024-06-11 17:37:46.650064,0 days 00:07:07.417069,32,256,256,0.1,0.00022421510421305815,4,3,COMPLETE
